solving instance with n=60
upper bound 439
reduced to n=5 -INFs=10 spent=437 with force star
reduced to n=4 -INFs=10 spent=439 with force star
reduced to n=3 -INFs=6 spent=439 with force star
reduced to n=3 -INFs=9 spent=439 with heavy non-edge
INITIAL REDUCTION FINISHED
time:  0.201 s
size:  3
lower: 439
upper: 439
gap:   0
STARTING BRANCH AND BOUND
split into 3 CCs
start solving CC of size 1 first bound 0
0	 (total: 439)
start solving CC of size 1 first bound 0
0	 (total: 439)
start solving CC of size 1 first bound 0
0	 (total: 439)
branching nodes: 0
reductions:      0
	forced (star): 0
	forced (p3):   0
	twin simple:   0
	twin complex:  0
	icx:           0
	h edge (b):    0
	h edge (s):    0
	h non edge:    0
disconnects:     0
prunes:          0

1
k=439
0.201307
