solving instance with n=347
upper bound 3814
reduced to n=227 -INFs=29362 spent=2227 with force star
reduced to n=187 -INFs=22996 spent=3333 with force star
reduced to n=151 -INFs=18168 spent=3655 with force star
reduced to n=64 -INFs=3814 spent=3799 with force star
reduced to n=61 -INFs=3514 spent=3801 with force star
reduced to n=60 -INFs=3418 spent=3801 with force star
reduced to n=59 -INFs=3328 spent=3802 with twin complex
reduced to n=59 -INFs=3352 spent=3807 with force star
reduced to n=59 -INFs=3414 spent=3807 with force p3
reduced to n=57 -INFs=3188 spent=3807 with twin simple
reduced to n=56 -INFs=3080 spent=3814 with twin complex
reduced to n=56 -INFs=3136 spent=3814 with heavy non-edge
INITIAL REDUCTION FINISHED
time:  9.667 s
size:  56
lower: 3814
upper: 3814
gap:   0
STARTING BRANCH AND BOUND
split into 56 CCs
start solving CC of size 1 first bound 0
0	 (total: 3814)
start solving CC of size 1 first bound 0
0	 (total: 3814)
start solving CC of size 1 first bound 0
0	 (total: 3814)
start solving CC of size 1 first bound 0
0	 (total: 3814)
start solving CC of size 1 first bound 0
0	 (total: 3814)
start solving CC of size 1 first bound 0
0	 (total: 3814)
start solving CC of size 1 first bound 0
0	 (total: 3814)
start solving CC of size 1 first bound 0
0	 (total: 3814)
start solving CC of size 1 first bound 0
0	 (total: 3814)
start solving CC of size 1 first bound 0
0	 (total: 3814)
start solving CC of size 1 first bound 0
0	 (total: 3814)
start solving CC of size 1 first bound 0
0	 (total: 3814)
start solving CC of size 1 first bound 0
0	 (total: 3814)
start solving CC of size 1 first bound 0
0	 (total: 3814)
start solving CC of size 1 first bound 0
0	 (total: 3814)
start solving CC of size 1 first bound 0
0	 (total: 3814)
start solving CC of size 1 first bound 0
0	 (total: 3814)
start solving CC of size 1 first bound 0
0	 (total: 3814)
start solving CC of size 1 first bound 0
0	 (total: 3814)
start solving CC of size 1 first bound 0
0	 (total: 3814)
start solving CC of size 1 first bound 0
0	 (total: 3814)
start solving CC of size 1 first bound 0
0	 (total: 3814)
start solving CC of size 1 first bound 0
0	 (total: 3814)
start solving CC of size 1 first bound 0
0	 (total: 3814)
start solving CC of size 1 first bound 0
0	 (total: 3814)
start solving CC of size 1 first bound 0
0	 (total: 3814)
start solving CC of size 1 first bound 0
0	 (total: 3814)
start solving CC of size 1 first bound 0
0	 (total: 3814)
start solving CC of size 1 first bound 0
0	 (total: 3814)
start solving CC of size 1 first bound 0
0	 (total: 3814)
start solving CC of size 1 first bound 0
0	 (total: 3814)
start solving CC of size 1 first bound 0
0	 (total: 3814)
start solving CC of size 1 first bound 0
0	 (total: 3814)
start solving CC of size 1 first bound 0
0	 (total: 3814)
start solving CC of size 1 first bound 0
0	 (total: 3814)
start solving CC of size 1 first bound 0
0	 (total: 3814)
start solving CC of size 1 first bound 0
0	 (total: 3814)
start solving CC of size 1 first bound 0
0	 (total: 3814)
start solving CC of size 1 first bound 0
0	 (total: 3814)
start solving CC of size 1 first bound 0
0	 (total: 3814)
start solving CC of size 1 first bound 0
0	 (total: 3814)
start solving CC of size 1 first bound 0
0	 (total: 3814)
start solving CC of size 1 first bound 0
0	 (total: 3814)
start solving CC of size 1 first bound 0
0	 (total: 3814)
start solving CC of size 1 first bound 0
0	 (total: 3814)
start solving CC of size 1 first bound 0
0	 (total: 3814)
start solving CC of size 1 first bound 0
0	 (total: 3814)
start solving CC of size 1 first bound 0
0	 (total: 3814)
start solving CC of size 1 first bound 0
0	 (total: 3814)
start solving CC of size 1 first bound 0
0	 (total: 3814)
start solving CC of size 1 first bound 0
0	 (total: 3814)
start solving CC of size 1 first bound 0
0	 (total: 3814)
start solving CC of size 1 first bound 0
0	 (total: 3814)
start solving CC of size 1 first bound 0
0	 (total: 3814)
start solving CC of size 1 first bound 0
0	 (total: 3814)
start solving CC of size 1 first bound 0
0	 (total: 3814)
branching nodes: 0
reductions:      0
	forced (star): 0
	forced (p3):   0
	twin simple:   0
	twin complex:  0
	icx:           0
	h edge (b):    0
	h edge (s):    0
	h non edge:    0
disconnects:     0
prunes:          0

1
k=3814
9.66892
