solving instance with n=171
upper bound 534
reduced to n=54 -INFs=2330 spent=515 with force star
reduced to n=36 -INFs=1228 spent=528 with force p3
reduced to n=34 -INFs=1106 spent=530 with force p3
reduced to n=33 -INFs=1044 spent=532 with force p3
reduced to n=32 -INFs=984 spent=533 with twin complex
reduced to n=31 -INFs=928 spent=534 with twin complex
reduced to n=30 -INFs=870 spent=534 with twin simple
reduced to n=30 -INFs=900 spent=534 with heavy non-edge
INITIAL REDUCTION FINISHED
time:  0.621 s
size:  30
lower: 534
upper: 534
gap:   0
STARTING BRANCH AND BOUND
split into 30 CCs
start solving CC of size 1 first bound 0
0	 (total: 534)
start solving CC of size 1 first bound 0
0	 (total: 534)
start solving CC of size 1 first bound 0
0	 (total: 534)
start solving CC of size 1 first bound 0
0	 (total: 534)
start solving CC of size 1 first bound 0
0	 (total: 534)
start solving CC of size 1 first bound 0
0	 (total: 534)
start solving CC of size 1 first bound 0
0	 (total: 534)
start solving CC of size 1 first bound 0
0	 (total: 534)
start solving CC of size 1 first bound 0
0	 (total: 534)
start solving CC of size 1 first bound 0
0	 (total: 534)
start solving CC of size 1 first bound 0
0	 (total: 534)
start solving CC of size 1 first bound 0
0	 (total: 534)
start solving CC of size 1 first bound 0
0	 (total: 534)
start solving CC of size 1 first bound 0
0	 (total: 534)
start solving CC of size 1 first bound 0
0	 (total: 534)
start solving CC of size 1 first bound 0
0	 (total: 534)
start solving CC of size 1 first bound 0
0	 (total: 534)
start solving CC of size 1 first bound 0
0	 (total: 534)
start solving CC of size 1 first bound 0
0	 (total: 534)
start solving CC of size 1 first bound 0
0	 (total: 534)
start solving CC of size 1 first bound 0
0	 (total: 534)
start solving CC of size 1 first bound 0
0	 (total: 534)
start solving CC of size 1 first bound 0
0	 (total: 534)
start solving CC of size 1 first bound 0
0	 (total: 534)
start solving CC of size 1 first bound 0
0	 (total: 534)
start solving CC of size 1 first bound 0
0	 (total: 534)
start solving CC of size 1 first bound 0
0	 (total: 534)
start solving CC of size 1 first bound 0
0	 (total: 534)
start solving CC of size 1 first bound 0
0	 (total: 534)
start solving CC of size 1 first bound 0
0	 (total: 534)
branching nodes: 0
reductions:      0
	forced (star): 0
	forced (p3):   0
	twin simple:   0
	twin complex:  0
	icx:           0
	h edge (b):    0
	h edge (s):    0
	h non edge:    0
disconnects:     0
prunes:          0

1
k=534
0.621659
