solving instance with n=215
upper bound 1413
reduced to n=14 -INFs=64 spent=1403 with force star
reduced to n=10 -INFs=41 spent=1412 with force star
reduced to n=8 -INFs=28 spent=1413 with force star
INITIAL REDUCTION FINISHED
time:  5.57 s
size:  8
lower: 1413
upper: 1413
gap:   0
STARTING BRANCH AND BOUND
split into 8 CCs
start solving CC of size 1 first bound 0
0	 (total: 1413)
start solving CC of size 1 first bound 0
0	 (total: 1413)
start solving CC of size 1 first bound 0
0	 (total: 1413)
start solving CC of size 1 first bound 0
0	 (total: 1413)
start solving CC of size 1 first bound 0
0	 (total: 1413)
start solving CC of size 1 first bound 0
0	 (total: 1413)
start solving CC of size 1 first bound 0
0	 (total: 1413)
start solving CC of size 1 first bound 0
0	 (total: 1413)
branching nodes: 0
reductions:      0
	forced (star): 0
	forced (p3):   0
	twin simple:   0
	twin complex:  0
	icx:           0
	h edge (b):    0
	h edge (s):    0
	h non edge:    0
disconnects:     0
prunes:          0

1
k=1413
5.57094
