solving instance with n=159
upper bound 48
reduced to n=63 -INFs=1953 spent=48 with force star
INITIAL REDUCTION FINISHED
time:  0.112 s
size:  63
lower: 48
upper: 48
gap:   0
STARTING BRANCH AND BOUND
split into 63 CCs
start solving CC of size 1 first bound 0
0	 (total: 48)
start solving CC of size 1 first bound 0
0	 (total: 48)
start solving CC of size 1 first bound 0
0	 (total: 48)
start solving CC of size 1 first bound 0
0	 (total: 48)
start solving CC of size 1 first bound 0
0	 (total: 48)
start solving CC of size 1 first bound 0
0	 (total: 48)
start solving CC of size 1 first bound 0
0	 (total: 48)
start solving CC of size 1 first bound 0
0	 (total: 48)
start solving CC of size 1 first bound 0
0	 (total: 48)
start solving CC of size 1 first bound 0
0	 (total: 48)
start solving CC of size 1 first bound 0
0	 (total: 48)
start solving CC of size 1 first bound 0
0	 (total: 48)
start solving CC of size 1 first bound 0
0	 (total: 48)
start solving CC of size 1 first bound 0
0	 (total: 48)
start solving CC of size 1 first bound 0
0	 (total: 48)
start solving CC of size 1 first bound 0
0	 (total: 48)
start solving CC of size 1 first bound 0
0	 (total: 48)
start solving CC of size 1 first bound 0
0	 (total: 48)
start solving CC of size 1 first bound 0
0	 (total: 48)
start solving CC of size 1 first bound 0
0	 (total: 48)
start solving CC of size 1 first bound 0
0	 (total: 48)
start solving CC of size 1 first bound 0
0	 (total: 48)
start solving CC of size 1 first bound 0
0	 (total: 48)
start solving CC of size 1 first bound 0
0	 (total: 48)
start solving CC of size 1 first bound 0
0	 (total: 48)
start solving CC of size 1 first bound 0
0	 (total: 48)
start solving CC of size 1 first bound 0
0	 (total: 48)
start solving CC of size 1 first bound 0
0	 (total: 48)
start solving CC of size 1 first bound 0
0	 (total: 48)
start solving CC of size 1 first bound 0
0	 (total: 48)
start solving CC of size 1 first bound 0
0	 (total: 48)
start solving CC of size 1 first bound 0
0	 (total: 48)
start solving CC of size 1 first bound 0
0	 (total: 48)
start solving CC of size 1 first bound 0
0	 (total: 48)
start solving CC of size 1 first bound 0
0	 (total: 48)
start solving CC of size 1 first bound 0
0	 (total: 48)
start solving CC of size 1 first bound 0
0	 (total: 48)
start solving CC of size 1 first bound 0
0	 (total: 48)
start solving CC of size 1 first bound 0
0	 (total: 48)
start solving CC of size 1 first bound 0
0	 (total: 48)
start solving CC of size 1 first bound 0
0	 (total: 48)
start solving CC of size 1 first bound 0
0	 (total: 48)
start solving CC of size 1 first bound 0
0	 (total: 48)
start solving CC of size 1 first bound 0
0	 (total: 48)
start solving CC of size 1 first bound 0
0	 (total: 48)
start solving CC of size 1 first bound 0
0	 (total: 48)
start solving CC of size 1 first bound 0
0	 (total: 48)
start solving CC of size 1 first bound 0
0	 (total: 48)
start solving CC of size 1 first bound 0
0	 (total: 48)
start solving CC of size 1 first bound 0
0	 (total: 48)
start solving CC of size 1 first bound 0
0	 (total: 48)
start solving CC of size 1 first bound 0
0	 (total: 48)
start solving CC of size 1 first bound 0
0	 (total: 48)
start solving CC of size 1 first bound 0
0	 (total: 48)
start solving CC of size 1 first bound 0
0	 (total: 48)
start solving CC of size 1 first bound 0
0	 (total: 48)
start solving CC of size 1 first bound 0
0	 (total: 48)
start solving CC of size 1 first bound 0
0	 (total: 48)
start solving CC of size 1 first bound 0
0	 (total: 48)
start solving CC of size 1 first bound 0
0	 (total: 48)
start solving CC of size 1 first bound 0
0	 (total: 48)
start solving CC of size 1 first bound 0
0	 (total: 48)
start solving CC of size 1 first bound 0
0	 (total: 48)
branching nodes: 0
reductions:      0
	forced (star): 0
	forced (p3):   0
	twin simple:   0
	twin complex:  0
	icx:           0
	h edge (b):    0
	h edge (s):    0
	h non edge:    0
disconnects:     0
prunes:          0

1
k=48
0.113005
