solving instance with n=330
upper bound 1566
reduced to n=319 -INFs=84872 spent=0 with twin simple
reduced to n=319 -INFs=84884 spent=0 with force star
reduced to n=312 -INFs=81366 spent=13 with twin complex
reduced to n=310 -INFs=80408 spent=109 with force star
reduced to n=310 -INFs=80418 spent=109 with force star
reduced to n=303 -INFs=77000 spent=140 with twin complex
reduced to n=303 -INFs=77004 spent=140 with force star
reduced to n=299 -INFs=75062 spent=188 with twin complex
reduced to n=291 -INFs=71074 spent=292 with twin complex
reduced to n=288 -INFs=69470 spent=295 with twin complex
reduced to n=287 -INFs=69000 spent=296 with twin complex
reduced to n=286 -INFs=68528 spent=297 with twin complex
reduced to n=285 -INFs=68060 spent=299 with twin complex
reduced to n=284 -INFs=67596 spent=301 with twin complex
reduced to n=283 -INFs=67142 spent=302 with twin complex
reduced to n=282 -INFs=66688 spent=303 with twin complex
reduced to n=281 -INFs=66188 spent=304 with twin complex
reduced to n=281 -INFs=66213 spent=304 with heavy non-edge
reduced to n=280 -INFs=65743 spent=308 with twin complex
reduced to n=279 -INFs=65239 spent=309 with twin complex
reduced to n=279 -INFs=65242 spent=309 with heavy non-edge
reduced to n=278 -INFs=64772 spent=310 with twin complex
INITIAL REDUCTION FINISHED
time:  33.902 s
size:  278
lower: 1500
upper: 1566
gap:   66
STARTING BRANCH AND BOUND
split into 2 CCs
start solving CC of size 1 first bound 0
0	 (total: 310)
start solving CC of size 277 first bound 1198
1198	 (total: 1508)1199	 (total: 1509)1200	 (total: 1510)1201	 (total: 1511)1202	 (total: 1512)1203	 (total: 1513)1204	 (total: 1514)1205	 (total: 1515)1206	 (total: 1516)1207	 (total: 1517)1208	 (total: 1518)1209	 (total: 1519)1210	 (total: 1520)1211	 (total: 1521)1212	 (total: 1522)1213	 (total: 1523)1214	 (total: 1524)1215	 (total: 1525)1216	 (total: 1526)1217	 (total: 1527)
time limit exceeded
branching nodes: 615
reductions:      637
	forced (star): 888
	forced (p3):   59
	twin simple:   3
	twin complex:  521
	icx:           0
	h edge (b):    22
	h edge (s):    40
	h non edge:    265
disconnects:     287
prunes:          623

0
k=1000000000
1800.22
