solving instance with n=70
upper bound 432
reduced to n=68 -INFs=472 spent=25 with force star
reduced to n=51 -INFs=300 spent=169 with force star
reduced to n=44 -INFs=302 spent=233 with force star
reduced to n=41 -INFs=299 spent=282 with force star
reduced to n=36 -INFs=257 spent=319 with force star
reduced to n=17 -INFs=74 spent=385 with force star
reduced to n=9 -INFs=27 spent=413 with force star
reduced to n=6 -INFs=15 spent=432 with force star
INITIAL REDUCTION FINISHED
time:  1.999 s
size:  6
lower: 432
upper: 432
gap:   0
STARTING BRANCH AND BOUND
split into 6 CCs
start solving CC of size 1 first bound 0
0	 (total: 432)
start solving CC of size 1 first bound 0
0	 (total: 432)
start solving CC of size 1 first bound 0
0	 (total: 432)
start solving CC of size 1 first bound 0
0	 (total: 432)
start solving CC of size 1 first bound 0
0	 (total: 432)
start solving CC of size 1 first bound 0
0	 (total: 432)
branching nodes: 0
reductions:      0
	forced (star): 0
	forced (p3):   0
	twin simple:   0
	twin complex:  0
	icx:           0
	h edge (b):    0
	h edge (s):    0
	h non edge:    0
disconnects:     0
prunes:          0

1
k=432
1.99944
