solving instance with n=300
upper bound 2901
reduced to n=2 -INFs=1 spent=2901 with force star
INITIAL REDUCTION FINISHED
time:  95.199 s
size:  2
lower: 2901
upper: 2901
gap:   0
STARTING BRANCH AND BOUND
split into 2 CCs
start solving CC of size 1 first bound 0
0	 (total: 2901)
start solving CC of size 1 first bound 0
0	 (total: 2901)
branching nodes: 0
reductions:      0
	forced (star): 0
	forced (p3):   0
	twin simple:   0
	twin complex:  0
	icx:           0
	h edge (b):    0
	h edge (s):    0
	h non edge:    0
disconnects:     0
prunes:          0

1
k=2901
95.2
