solving instance with n=159
upper bound 2042
reduced to n=159 -INFs=3135 spent=1 with force star
reduced to n=159 -INFs=3295 spent=2 with force star
reduced to n=159 -INFs=3369 spent=2 with force star
reduced to n=159 -INFs=3387 spent=2 with force star
reduced to n=159 -INFs=3404 spent=5 with force star
reduced to n=159 -INFs=3525 spent=6 with force star
reduced to n=159 -INFs=3531 spent=6 with force star
reduced to n=143 -INFs=2772 spent=6 with twin simple
reduced to n=142 -INFs=2898 spent=12 with force star
reduced to n=142 -INFs=3154 spent=19 with force star
reduced to n=142 -INFs=3162 spent=19 with force star
reduced to n=142 -INFs=3263 spent=21 with force star
reduced to n=142 -INFs=3412 spent=25 with force star
reduced to n=142 -INFs=3481 spent=30 with force star
reduced to n=142 -INFs=3625 spent=37 with force star
reduced to n=141 -INFs=3687 spent=50 with force star
reduced to n=141 -INFs=3732 spent=53 with force star
reduced to n=141 -INFs=3824 spent=58 with force star
reduced to n=139 -INFs=3985 spent=100 with force star
reduced to n=139 -INFs=4048 spent=111 with force star
reduced to n=121 -INFs=3011 spent=240 with force star
reduced to n=112 -INFs=2485 spent=374 with force star
reduced to n=106 -INFs=2248 spent=489 with force star
reduced to n=103 -INFs=2127 spent=620 with force star
reduced to n=84 -INFs=1468 spent=1195 with force star
reduced to n=68 -INFs=1110 spent=1645 with force star
reduced to n=64 -INFs=1071 spent=1708 with force star
reduced to n=64 -INFs=1102 spent=1708 with force star
reduced to n=61 -INFs=1025 spent=1761 with force star
reduced to n=57 -INFs=908 spent=1804 with force star
reduced to n=53 -INFs=873 spent=1881 with force star
reduced to n=50 -INFs=986 spent=1916 with force star
reduced to n=48 -INFs=925 spent=1963 with force star
reduced to n=38 -INFs=577 spent=1975 with force p3
reduced to n=34 -INFs=478 spent=1987 with force star
reduced to n=31 -INFs=413 spent=2005 with force star
reduced to n=24 -INFs=267 spent=2010 with force star
reduced to n=24 -INFs=268 spent=2012 with force star
reduced to n=23 -INFs=247 spent=2013 with force p3
reduced to n=22 -INFs=226 spent=2013 with twin simple
reduced to n=21 -INFs=208 spent=2015 with twin complex
reduced to n=20 -INFs=190 spent=2042 with twin complex
INITIAL REDUCTION FINISHED
time:  48.369 s
size:  20
lower: 2042
upper: 2042
gap:   0
STARTING BRANCH AND BOUND
split into 20 CCs
start solving CC of size 1 first bound 0
0	 (total: 2042)
start solving CC of size 1 first bound 0
0	 (total: 2042)
start solving CC of size 1 first bound 0
0	 (total: 2042)
start solving CC of size 1 first bound 0
0	 (total: 2042)
start solving CC of size 1 first bound 0
0	 (total: 2042)
start solving CC of size 1 first bound 0
0	 (total: 2042)
start solving CC of size 1 first bound 0
0	 (total: 2042)
start solving CC of size 1 first bound 0
0	 (total: 2042)
start solving CC of size 1 first bound 0
0	 (total: 2042)
start solving CC of size 1 first bound 0
0	 (total: 2042)
start solving CC of size 1 first bound 0
0	 (total: 2042)
start solving CC of size 1 first bound 0
0	 (total: 2042)
start solving CC of size 1 first bound 0
0	 (total: 2042)
start solving CC of size 1 first bound 0
0	 (total: 2042)
start solving CC of size 1 first bound 0
0	 (total: 2042)
start solving CC of size 1 first bound 0
0	 (total: 2042)
start solving CC of size 1 first bound 0
0	 (total: 2042)
start solving CC of size 1 first bound 0
0	 (total: 2042)
start solving CC of size 1 first bound 0
0	 (total: 2042)
start solving CC of size 1 first bound 0
0	 (total: 2042)
branching nodes: 0
reductions:      0
	forced (star): 0
	forced (p3):   0
	twin simple:   0
	twin complex:  0
	icx:           0
	h edge (b):    0
	h edge (s):    0
	h non edge:    0
disconnects:     0
prunes:          0

1
k=2042
48.3702
