solving instance with n=250
upper bound 1761
reduced to n=15 -INFs=102 spent=1761 with force star
reduced to n=13 -INFs=78 spent=1761 with force star
INITIAL REDUCTION FINISHED
time:  4.303 s
size:  13
lower: 1761
upper: 1761
gap:   0
STARTING BRANCH AND BOUND
split into 13 CCs
start solving CC of size 1 first bound 0
0	 (total: 1761)
start solving CC of size 1 first bound 0
0	 (total: 1761)
start solving CC of size 1 first bound 0
0	 (total: 1761)
start solving CC of size 1 first bound 0
0	 (total: 1761)
start solving CC of size 1 first bound 0
0	 (total: 1761)
start solving CC of size 1 first bound 0
0	 (total: 1761)
start solving CC of size 1 first bound 0
0	 (total: 1761)
start solving CC of size 1 first bound 0
0	 (total: 1761)
start solving CC of size 1 first bound 0
0	 (total: 1761)
start solving CC of size 1 first bound 0
0	 (total: 1761)
start solving CC of size 1 first bound 0
0	 (total: 1761)
start solving CC of size 1 first bound 0
0	 (total: 1761)
start solving CC of size 1 first bound 0
0	 (total: 1761)
branching nodes: 0
reductions:      0
	forced (star): 0
	forced (p3):   0
	twin simple:   0
	twin complex:  0
	icx:           0
	h edge (b):    0
	h edge (s):    0
	h non edge:    0
disconnects:     0
prunes:          0

1
k=1761
4.30411
