solving instance with n=144
upper bound 78
reduced to n=20 -INFs=378 spent=78 with force star
reduced to n=20 -INFs=380 spent=78 with force p3
reduced to n=20 -INFs=400 spent=78 with heavy non-edge
INITIAL REDUCTION FINISHED
time:  0.229 s
size:  20
lower: 78
upper: 78
gap:   0
STARTING BRANCH AND BOUND
split into 20 CCs
start solving CC of size 1 first bound 0
0	 (total: 78)
start solving CC of size 1 first bound 0
0	 (total: 78)
start solving CC of size 1 first bound 0
0	 (total: 78)
start solving CC of size 1 first bound 0
0	 (total: 78)
start solving CC of size 1 first bound 0
0	 (total: 78)
start solving CC of size 1 first bound 0
0	 (total: 78)
start solving CC of size 1 first bound 0
0	 (total: 78)
start solving CC of size 1 first bound 0
0	 (total: 78)
start solving CC of size 1 first bound 0
0	 (total: 78)
start solving CC of size 1 first bound 0
0	 (total: 78)
start solving CC of size 1 first bound 0
0	 (total: 78)
start solving CC of size 1 first bound 0
0	 (total: 78)
start solving CC of size 1 first bound 0
0	 (total: 78)
start solving CC of size 1 first bound 0
0	 (total: 78)
start solving CC of size 1 first bound 0
0	 (total: 78)
start solving CC of size 1 first bound 0
0	 (total: 78)
start solving CC of size 1 first bound 0
0	 (total: 78)
start solving CC of size 1 first bound 0
0	 (total: 78)
start solving CC of size 1 first bound 0
0	 (total: 78)
start solving CC of size 1 first bound 0
0	 (total: 78)
branching nodes: 0
reductions:      0
	forced (star): 0
	forced (p3):   0
	twin simple:   0
	twin complex:  0
	icx:           0
	h edge (b):    0
	h edge (s):    0
	h non edge:    0
disconnects:     0
prunes:          0

1
k=78
0.229637
