solving instance with n=347
upper bound 203
reduced to n=116 -INFs=6668 spent=203 with force star
reduced to n=116 -INFs=6669 spent=203 with force star
reduced to n=115 -INFs=6555 spent=203 with twin simple
INITIAL REDUCTION FINISHED
time:  0.726 s
size:  115
lower: 203
upper: 203
gap:   0
STARTING BRANCH AND BOUND
split into 115 CCs
start solving CC of size 1 first bound 0
0	 (total: 203)
start solving CC of size 1 first bound 0
0	 (total: 203)
start solving CC of size 1 first bound 0
0	 (total: 203)
start solving CC of size 1 first bound 0
0	 (total: 203)
start solving CC of size 1 first bound 0
0	 (total: 203)
start solving CC of size 1 first bound 0
0	 (total: 203)
start solving CC of size 1 first bound 0
0	 (total: 203)
start solving CC of size 1 first bound 0
0	 (total: 203)
start solving CC of size 1 first bound 0
0	 (total: 203)
start solving CC of size 1 first bound 0
0	 (total: 203)
start solving CC of size 1 first bound 0
0	 (total: 203)
start solving CC of size 1 first bound 0
0	 (total: 203)
start solving CC of size 1 first bound 0
0	 (total: 203)
start solving CC of size 1 first bound 0
0	 (total: 203)
start solving CC of size 1 first bound 0
0	 (total: 203)
start solving CC of size 1 first bound 0
0	 (total: 203)
start solving CC of size 1 first bound 0
0	 (total: 203)
start solving CC of size 1 first bound 0
0	 (total: 203)
start solving CC of size 1 first bound 0
0	 (total: 203)
start solving CC of size 1 first bound 0
0	 (total: 203)
start solving CC of size 1 first bound 0
0	 (total: 203)
start solving CC of size 1 first bound 0
0	 (total: 203)
start solving CC of size 1 first bound 0
0	 (total: 203)
start solving CC of size 1 first bound 0
0	 (total: 203)
start solving CC of size 1 first bound 0
0	 (total: 203)
start solving CC of size 1 first bound 0
0	 (total: 203)
start solving CC of size 1 first bound 0
0	 (total: 203)
start solving CC of size 1 first bound 0
0	 (total: 203)
start solving CC of size 1 first bound 0
0	 (total: 203)
start solving CC of size 1 first bound 0
0	 (total: 203)
start solving CC of size 1 first bound 0
0	 (total: 203)
start solving CC of size 1 first bound 0
0	 (total: 203)
start solving CC of size 1 first bound 0
0	 (total: 203)
start solving CC of size 1 first bound 0
0	 (total: 203)
start solving CC of size 1 first bound 0
0	 (total: 203)
start solving CC of size 1 first bound 0
0	 (total: 203)
start solving CC of size 1 first bound 0
0	 (total: 203)
start solving CC of size 1 first bound 0
0	 (total: 203)
start solving CC of size 1 first bound 0
0	 (total: 203)
start solving CC of size 1 first bound 0
0	 (total: 203)
start solving CC of size 1 first bound 0
0	 (total: 203)
start solving CC of size 1 first bound 0
0	 (total: 203)
start solving CC of size 1 first bound 0
0	 (total: 203)
start solving CC of size 1 first bound 0
0	 (total: 203)
start solving CC of size 1 first bound 0
0	 (total: 203)
start solving CC of size 1 first bound 0
0	 (total: 203)
start solving CC of size 1 first bound 0
0	 (total: 203)
start solving CC of size 1 first bound 0
0	 (total: 203)
start solving CC of size 1 first bound 0
0	 (total: 203)
start solving CC of size 1 first bound 0
0	 (total: 203)
start solving CC of size 1 first bound 0
0	 (total: 203)
start solving CC of size 1 first bound 0
0	 (total: 203)
start solving CC of size 1 first bound 0
0	 (total: 203)
start solving CC of size 1 first bound 0
0	 (total: 203)
start solving CC of size 1 first bound 0
0	 (total: 203)
start solving CC of size 1 first bound 0
0	 (total: 203)
start solving CC of size 1 first bound 0
0	 (total: 203)
start solving CC of size 1 first bound 0
0	 (total: 203)
start solving CC of size 1 first bound 0
0	 (total: 203)
start solving CC of size 1 first bound 0
0	 (total: 203)
start solving CC of size 1 first bound 0
0	 (total: 203)
start solving CC of size 1 first bound 0
0	 (total: 203)
start solving CC of size 1 first bound 0
0	 (total: 203)
start solving CC of size 1 first bound 0
0	 (total: 203)
start solving CC of size 1 first bound 0
0	 (total: 203)
start solving CC of size 1 first bound 0
0	 (total: 203)
start solving CC of size 1 first bound 0
0	 (total: 203)
start solving CC of size 1 first bound 0
0	 (total: 203)
start solving CC of size 1 first bound 0
0	 (total: 203)
start solving CC of size 1 first bound 0
0	 (total: 203)
start solving CC of size 1 first bound 0
0	 (total: 203)
start solving CC of size 1 first bound 0
0	 (total: 203)
start solving CC of size 1 first bound 0
0	 (total: 203)
start solving CC of size 1 first bound 0
0	 (total: 203)
start solving CC of size 1 first bound 0
0	 (total: 203)
start solving CC of size 1 first bound 0
0	 (total: 203)
start solving CC of size 1 first bound 0
0	 (total: 203)
start solving CC of size 1 first bound 0
0	 (total: 203)
start solving CC of size 1 first bound 0
0	 (total: 203)
start solving CC of size 1 first bound 0
0	 (total: 203)
start solving CC of size 1 first bound 0
0	 (total: 203)
start solving CC of size 1 first bound 0
0	 (total: 203)
start solving CC of size 1 first bound 0
0	 (total: 203)
start solving CC of size 1 first bound 0
0	 (total: 203)
start solving CC of size 1 first bound 0
0	 (total: 203)
start solving CC of size 1 first bound 0
0	 (total: 203)
start solving CC of size 1 first bound 0
0	 (total: 203)
start solving CC of size 1 first bound 0
0	 (total: 203)
start solving CC of size 1 first bound 0
0	 (total: 203)
start solving CC of size 1 first bound 0
0	 (total: 203)
start solving CC of size 1 first bound 0
0	 (total: 203)
start solving CC of size 1 first bound 0
0	 (total: 203)
start solving CC of size 1 first bound 0
0	 (total: 203)
start solving CC of size 1 first bound 0
0	 (total: 203)
start solving CC of size 1 first bound 0
0	 (total: 203)
start solving CC of size 1 first bound 0
0	 (total: 203)
start solving CC of size 1 first bound 0
0	 (total: 203)
start solving CC of size 1 first bound 0
0	 (total: 203)
start solving CC of size 1 first bound 0
0	 (total: 203)
start solving CC of size 1 first bound 0
0	 (total: 203)
start solving CC of size 1 first bound 0
0	 (total: 203)
start solving CC of size 1 first bound 0
0	 (total: 203)
start solving CC of size 1 first bound 0
0	 (total: 203)
start solving CC of size 1 first bound 0
0	 (total: 203)
start solving CC of size 1 first bound 0
0	 (total: 203)
start solving CC of size 1 first bound 0
0	 (total: 203)
start solving CC of size 1 first bound 0
0	 (total: 203)
start solving CC of size 1 first bound 0
0	 (total: 203)
start solving CC of size 1 first bound 0
0	 (total: 203)
start solving CC of size 1 first bound 0
0	 (total: 203)
start solving CC of size 1 first bound 0
0	 (total: 203)
start solving CC of size 1 first bound 0
0	 (total: 203)
start solving CC of size 1 first bound 0
0	 (total: 203)
start solving CC of size 1 first bound 0
0	 (total: 203)
start solving CC of size 1 first bound 0
0	 (total: 203)
branching nodes: 0
reductions:      0
	forced (star): 0
	forced (p3):   0
	twin simple:   0
	twin complex:  0
	icx:           0
	h edge (b):    0
	h edge (s):    0
	h non edge:    0
disconnects:     0
prunes:          0

1
k=203
0.72886
