solving instance with n=129
upper bound 665
reduced to n=35 -INFs=493 spent=645 with force star
reduced to n=29 -INFs=367 spent=656 with force star
reduced to n=28 -INFs=343 spent=665 with force star
reduced to n=19 -INFs=170 spent=665 with force star
reduced to n=18 -INFs=153 spent=665 with twin simple
INITIAL REDUCTION FINISHED
time:  0.783 s
size:  18
lower: 665
upper: 665
gap:   0
STARTING BRANCH AND BOUND
split into 18 CCs
start solving CC of size 1 first bound 0
0	 (total: 665)
start solving CC of size 1 first bound 0
0	 (total: 665)
start solving CC of size 1 first bound 0
0	 (total: 665)
start solving CC of size 1 first bound 0
0	 (total: 665)
start solving CC of size 1 first bound 0
0	 (total: 665)
start solving CC of size 1 first bound 0
0	 (total: 665)
start solving CC of size 1 first bound 0
0	 (total: 665)
start solving CC of size 1 first bound 0
0	 (total: 665)
start solving CC of size 1 first bound 0
0	 (total: 665)
start solving CC of size 1 first bound 0
0	 (total: 665)
start solving CC of size 1 first bound 0
0	 (total: 665)
start solving CC of size 1 first bound 0
0	 (total: 665)
start solving CC of size 1 first bound 0
0	 (total: 665)
start solving CC of size 1 first bound 0
0	 (total: 665)
start solving CC of size 1 first bound 0
0	 (total: 665)
start solving CC of size 1 first bound 0
0	 (total: 665)
start solving CC of size 1 first bound 0
0	 (total: 665)
start solving CC of size 1 first bound 0
0	 (total: 665)
branching nodes: 0
reductions:      0
	forced (star): 0
	forced (p3):   0
	twin simple:   0
	twin complex:  0
	icx:           0
	h edge (b):    0
	h edge (s):    0
	h non edge:    0
disconnects:     0
prunes:          0

1
k=665
0.783451
