solving instance with n=204
upper bound 2436
reduced to n=72 -INFs=1725 spent=2381 with force star
reduced to n=61 -INFs=1334 spent=2400 with force star
reduced to n=56 -INFs=1092 spent=2416 with force star
reduced to n=45 -INFs=980 spent=2426 with force p3
reduced to n=42 -INFs=857 spent=2435 with force p3
reduced to n=41 -INFs=817 spent=2435 with force p3
reduced to n=40 -INFs=779 spent=2436 with twin complex
reduced to n=39 -INFs=741 spent=2436 with twin simple
INITIAL REDUCTION FINISHED
time:  4.766 s
size:  39
lower: 2436
upper: 2436
gap:   0
STARTING BRANCH AND BOUND
split into 39 CCs
start solving CC of size 1 first bound 0
0	 (total: 2436)
start solving CC of size 1 first bound 0
0	 (total: 2436)
start solving CC of size 1 first bound 0
0	 (total: 2436)
start solving CC of size 1 first bound 0
0	 (total: 2436)
start solving CC of size 1 first bound 0
0	 (total: 2436)
start solving CC of size 1 first bound 0
0	 (total: 2436)
start solving CC of size 1 first bound 0
0	 (total: 2436)
start solving CC of size 1 first bound 0
0	 (total: 2436)
start solving CC of size 1 first bound 0
0	 (total: 2436)
start solving CC of size 1 first bound 0
0	 (total: 2436)
start solving CC of size 1 first bound 0
0	 (total: 2436)
start solving CC of size 1 first bound 0
0	 (total: 2436)
start solving CC of size 1 first bound 0
0	 (total: 2436)
start solving CC of size 1 first bound 0
0	 (total: 2436)
start solving CC of size 1 first bound 0
0	 (total: 2436)
start solving CC of size 1 first bound 0
0	 (total: 2436)
start solving CC of size 1 first bound 0
0	 (total: 2436)
start solving CC of size 1 first bound 0
0	 (total: 2436)
start solving CC of size 1 first bound 0
0	 (total: 2436)
start solving CC of size 1 first bound 0
0	 (total: 2436)
start solving CC of size 1 first bound 0
0	 (total: 2436)
start solving CC of size 1 first bound 0
0	 (total: 2436)
start solving CC of size 1 first bound 0
0	 (total: 2436)
start solving CC of size 1 first bound 0
0	 (total: 2436)
start solving CC of size 1 first bound 0
0	 (total: 2436)
start solving CC of size 1 first bound 0
0	 (total: 2436)
start solving CC of size 1 first bound 0
0	 (total: 2436)
start solving CC of size 1 first bound 0
0	 (total: 2436)
start solving CC of size 1 first bound 0
0	 (total: 2436)
start solving CC of size 1 first bound 0
0	 (total: 2436)
start solving CC of size 1 first bound 0
0	 (total: 2436)
start solving CC of size 1 first bound 0
0	 (total: 2436)
start solving CC of size 1 first bound 0
0	 (total: 2436)
start solving CC of size 1 first bound 0
0	 (total: 2436)
start solving CC of size 1 first bound 0
0	 (total: 2436)
start solving CC of size 1 first bound 0
0	 (total: 2436)
start solving CC of size 1 first bound 0
0	 (total: 2436)
start solving CC of size 1 first bound 0
0	 (total: 2436)
start solving CC of size 1 first bound 0
0	 (total: 2436)
branching nodes: 0
reductions:      0
	forced (star): 0
	forced (p3):   0
	twin simple:   0
	twin complex:  0
	icx:           0
	h edge (b):    0
	h edge (s):    0
	h non edge:    0
disconnects:     0
prunes:          0

1
k=2436
4.76685
