solving instance with n=180
upper bound 358
reduced to n=3 -INFs=6 spent=358 with force star
reduced to n=3 -INFs=9 spent=358 with heavy non-edge
INITIAL REDUCTION FINISHED
time:  0.839 s
size:  3
lower: 358
upper: 358
gap:   0
STARTING BRANCH AND BOUND
split into 3 CCs
start solving CC of size 1 first bound 0
0	 (total: 358)
start solving CC of size 1 first bound 0
0	 (total: 358)
start solving CC of size 1 first bound 0
0	 (total: 358)
branching nodes: 0
reductions:      0
	forced (star): 0
	forced (p3):   0
	twin simple:   0
	twin complex:  0
	icx:           0
	h edge (b):    0
	h edge (s):    0
	h non edge:    0
disconnects:     0
prunes:          0

1
k=358
0.839297
