solving instance with n=620
upper bound 15831
reduced to n=615 -INFs=77739 spent=358 with force star
reduced to n=549 -INFs=57595 spent=1951 with force star
reduced to n=538 -INFs=54866 spent=2244 with force star
reduced to n=517 -INFs=49922 spent=2978 with force star
reduced to n=514 -INFs=49882 spent=3074 with force star
reduced to n=469 -INFs=36630 spent=3412 with force star
reduced to n=469 -INFs=36659 spent=3414 with force star
reduced to n=469 -INFs=36666 spent=3414 with force star
reduced to n=463 -INFs=35087 spent=3468 with force star
reduced to n=463 -INFs=35270 spent=3497 with force star
reduced to n=463 -INFs=35288 spent=3497 with force star
reduced to n=461 -INFs=34426 spent=3497 with twin simple
reduced to n=460 -INFs=34035 spent=3509 with force star
reduced to n=428 -INFs=21046 spent=3754 with twin complex
reduced to n=426 -INFs=20413 spent=3773 with twin complex
reduced to n=425 -INFs=20082 spent=3774 with heavy edge (b)
reduced to n=424 -INFs=19742 spent=3774 with twin complex
reduced to n=424 -INFs=19818 spent=3775 with force star
reduced to n=424 -INFs=19846 spent=3776 with force star
reduced to n=424 -INFs=19851 spent=3776 with force star
reduced to n=424 -INFs=19898 spent=3777 with force star
reduced to n=424 -INFs=19907 spent=3777 with heavy non-edge
INITIAL REDUCTION FINISHED
time:  1811.59 s
size:  424
lower: 15755
upper: 15831
gap:   76
STARTING BRANCH AND BOUND
split into 3 CCs
start solving CC of size 1 first bound 0
0	 (total: 3777)
time limit exceeded
branching nodes: 0
reductions:      0
	forced (star): 0
	forced (p3):   0
	twin simple:   0
	twin complex:  0
	icx:           0
	h edge (b):    0
	h edge (s):    0
	h non edge:    0
disconnects:     0
prunes:          0

0
k=1000000000
1838.65
