solving instance with n=120
upper bound 1410
reduced to n=24 -INFs=30 spent=1205 with force star
reduced to n=13 -INFs=12 spent=1220 with force star
reduced to n=11 -INFs=10 spent=1253 with twin complex
reduced to n=9 -INFs=8 spent=1280 with force star
reduced to n=9 -INFs=9 spent=1281 with force star
reduced to n=5 -INFs=5 spent=1344 with force star
reduced to n=3 -INFs=3 spent=1410 with force p3
INITIAL REDUCTION FINISHED
time:  1.891 s
size:  3
lower: 1410
upper: 1410
gap:   0
STARTING BRANCH AND BOUND
split into 3 CCs
start solving CC of size 1 first bound 0
0	 (total: 1410)
start solving CC of size 1 first bound 0
0	 (total: 1410)
start solving CC of size 1 first bound 0
0	 (total: 1410)
branching nodes: 0
reductions:      0
	forced (star): 0
	forced (p3):   0
	twin simple:   0
	twin complex:  0
	icx:           0
	h edge (b):    0
	h edge (s):    0
	h non edge:    0
disconnects:     0
prunes:          0

1
k=1410
1.89132
