solving instance with n=129
upper bound 116
reduced to n=44 -INFs=943 spent=115 with force star
reduced to n=44 -INFs=944 spent=115 with force star
reduced to n=43 -INFs=903 spent=116 with twin complex
INITIAL REDUCTION FINISHED
time:  0.265 s
size:  43
lower: 116
upper: 116
gap:   0
STARTING BRANCH AND BOUND
split into 43 CCs
start solving CC of size 1 first bound 0
0	 (total: 116)
start solving CC of size 1 first bound 0
0	 (total: 116)
start solving CC of size 1 first bound 0
0	 (total: 116)
start solving CC of size 1 first bound 0
0	 (total: 116)
start solving CC of size 1 first bound 0
0	 (total: 116)
start solving CC of size 1 first bound 0
0	 (total: 116)
start solving CC of size 1 first bound 0
0	 (total: 116)
start solving CC of size 1 first bound 0
0	 (total: 116)
start solving CC of size 1 first bound 0
0	 (total: 116)
start solving CC of size 1 first bound 0
0	 (total: 116)
start solving CC of size 1 first bound 0
0	 (total: 116)
start solving CC of size 1 first bound 0
0	 (total: 116)
start solving CC of size 1 first bound 0
0	 (total: 116)
start solving CC of size 1 first bound 0
0	 (total: 116)
start solving CC of size 1 first bound 0
0	 (total: 116)
start solving CC of size 1 first bound 0
0	 (total: 116)
start solving CC of size 1 first bound 0
0	 (total: 116)
start solving CC of size 1 first bound 0
0	 (total: 116)
start solving CC of size 1 first bound 0
0	 (total: 116)
start solving CC of size 1 first bound 0
0	 (total: 116)
start solving CC of size 1 first bound 0
0	 (total: 116)
start solving CC of size 1 first bound 0
0	 (total: 116)
start solving CC of size 1 first bound 0
0	 (total: 116)
start solving CC of size 1 first bound 0
0	 (total: 116)
start solving CC of size 1 first bound 0
0	 (total: 116)
start solving CC of size 1 first bound 0
0	 (total: 116)
start solving CC of size 1 first bound 0
0	 (total: 116)
start solving CC of size 1 first bound 0
0	 (total: 116)
start solving CC of size 1 first bound 0
0	 (total: 116)
start solving CC of size 1 first bound 0
0	 (total: 116)
start solving CC of size 1 first bound 0
0	 (total: 116)
start solving CC of size 1 first bound 0
0	 (total: 116)
start solving CC of size 1 first bound 0
0	 (total: 116)
start solving CC of size 1 first bound 0
0	 (total: 116)
start solving CC of size 1 first bound 0
0	 (total: 116)
start solving CC of size 1 first bound 0
0	 (total: 116)
start solving CC of size 1 first bound 0
0	 (total: 116)
start solving CC of size 1 first bound 0
0	 (total: 116)
start solving CC of size 1 first bound 0
0	 (total: 116)
start solving CC of size 1 first bound 0
0	 (total: 116)
start solving CC of size 1 first bound 0
0	 (total: 116)
start solving CC of size 1 first bound 0
0	 (total: 116)
start solving CC of size 1 first bound 0
0	 (total: 116)
branching nodes: 0
reductions:      0
	forced (star): 0
	forced (p3):   0
	twin simple:   0
	twin complex:  0
	icx:           0
	h edge (b):    0
	h edge (s):    0
	h non edge:    0
disconnects:     0
prunes:          0

1
k=116
0.266569
