solving instance with n=30
upper bound 86
INITIAL REDUCTION FINISHED
time:  1.053 s
size:  30
lower: 81
upper: 86
gap:   5
STARTING BRANCH AND BOUND
split into 1 CCs
start solving CC of size 30 first bound 81
81	 (total: 81)82	 (total: 82)83	 (total: 83)84	 (total: 84)85	 (total: 85)86	 (total: 86)
branching nodes: 18
reductions:      21
	forced (star): 38
	forced (p3):   21
	twin simple:   0
	twin complex:  20
	icx:           2
	h edge (b):    4
	h edge (s):    2
	h non edge:    24
disconnects:     6
prunes:          20

1
k=86
2.18125
