solving instance with n=184
upper bound 95
reduced to n=94 -INFs=4255 spent=72 with force star
reduced to n=94 -INFs=4258 spent=72 with force star
reduced to n=94 -INFs=4259 spent=72 with force star
reduced to n=94 -INFs=4263 spent=72 with force p3
reduced to n=79 -INFs=2998 spent=72 with twin simple
reduced to n=79 -INFs=3002 spent=73 with force star
reduced to n=79 -INFs=3006 spent=73 with force p3
reduced to n=78 -INFs=2932 spent=73 with twin simple
reduced to n=76 -INFs=2786 spent=75 with twin complex
reduced to n=75 -INFs=2714 spent=76 with twin complex
reduced to n=74 -INFs=2643 spent=77 with twin complex
reduced to n=73 -INFs=2583 spent=81 with force star
reduced to n=72 -INFs=2517 spent=81 with force star
reduced to n=69 -INFs=2324 spent=84 with force p3
reduced to n=68 -INFs=2259 spent=85 with force p3
reduced to n=67 -INFs=2195 spent=87 with twin complex
reduced to n=66 -INFs=2131 spent=88 with twin complex
reduced to n=65 -INFs=2067 spent=88 with twin simple
reduced to n=64 -INFs=2007 spent=89 with twin complex
reduced to n=63 -INFs=1947 spent=93 with twin complex
reduced to n=63 -INFs=1949 spent=94 with force star
reduced to n=62 -INFs=1888 spent=94 with force p3
reduced to n=61 -INFs=1828 spent=94 with twin simple
reduced to n=60 -INFs=1770 spent=95 with twin complex
INITIAL REDUCTION FINISHED
time:  0.246 s
size:  60
lower: 95
upper: 95
gap:   0
STARTING BRANCH AND BOUND
split into 60 CCs
start solving CC of size 1 first bound 0
0	 (total: 95)
start solving CC of size 1 first bound 0
0	 (total: 95)
start solving CC of size 1 first bound 0
0	 (total: 95)
start solving CC of size 1 first bound 0
0	 (total: 95)
start solving CC of size 1 first bound 0
0	 (total: 95)
start solving CC of size 1 first bound 0
0	 (total: 95)
start solving CC of size 1 first bound 0
0	 (total: 95)
start solving CC of size 1 first bound 0
0	 (total: 95)
start solving CC of size 1 first bound 0
0	 (total: 95)
start solving CC of size 1 first bound 0
0	 (total: 95)
start solving CC of size 1 first bound 0
0	 (total: 95)
start solving CC of size 1 first bound 0
0	 (total: 95)
start solving CC of size 1 first bound 0
0	 (total: 95)
start solving CC of size 1 first bound 0
0	 (total: 95)
start solving CC of size 1 first bound 0
0	 (total: 95)
start solving CC of size 1 first bound 0
0	 (total: 95)
start solving CC of size 1 first bound 0
0	 (total: 95)
start solving CC of size 1 first bound 0
0	 (total: 95)
start solving CC of size 1 first bound 0
0	 (total: 95)
start solving CC of size 1 first bound 0
0	 (total: 95)
start solving CC of size 1 first bound 0
0	 (total: 95)
start solving CC of size 1 first bound 0
0	 (total: 95)
start solving CC of size 1 first bound 0
0	 (total: 95)
start solving CC of size 1 first bound 0
0	 (total: 95)
start solving CC of size 1 first bound 0
0	 (total: 95)
start solving CC of size 1 first bound 0
0	 (total: 95)
start solving CC of size 1 first bound 0
0	 (total: 95)
start solving CC of size 1 first bound 0
0	 (total: 95)
start solving CC of size 1 first bound 0
0	 (total: 95)
start solving CC of size 1 first bound 0
0	 (total: 95)
start solving CC of size 1 first bound 0
0	 (total: 95)
start solving CC of size 1 first bound 0
0	 (total: 95)
start solving CC of size 1 first bound 0
0	 (total: 95)
start solving CC of size 1 first bound 0
0	 (total: 95)
start solving CC of size 1 first bound 0
0	 (total: 95)
start solving CC of size 1 first bound 0
0	 (total: 95)
start solving CC of size 1 first bound 0
0	 (total: 95)
start solving CC of size 1 first bound 0
0	 (total: 95)
start solving CC of size 1 first bound 0
0	 (total: 95)
start solving CC of size 1 first bound 0
0	 (total: 95)
start solving CC of size 1 first bound 0
0	 (total: 95)
start solving CC of size 1 first bound 0
0	 (total: 95)
start solving CC of size 1 first bound 0
0	 (total: 95)
start solving CC of size 1 first bound 0
0	 (total: 95)
start solving CC of size 1 first bound 0
0	 (total: 95)
start solving CC of size 1 first bound 0
0	 (total: 95)
start solving CC of size 1 first bound 0
0	 (total: 95)
start solving CC of size 1 first bound 0
0	 (total: 95)
start solving CC of size 1 first bound 0
0	 (total: 95)
start solving CC of size 1 first bound 0
0	 (total: 95)
start solving CC of size 1 first bound 0
0	 (total: 95)
start solving CC of size 1 first bound 0
0	 (total: 95)
start solving CC of size 1 first bound 0
0	 (total: 95)
start solving CC of size 1 first bound 0
0	 (total: 95)
start solving CC of size 1 first bound 0
0	 (total: 95)
start solving CC of size 1 first bound 0
0	 (total: 95)
start solving CC of size 1 first bound 0
0	 (total: 95)
start solving CC of size 1 first bound 0
0	 (total: 95)
start solving CC of size 1 first bound 0
0	 (total: 95)
start solving CC of size 1 first bound 0
0	 (total: 95)
branching nodes: 0
reductions:      0
	forced (star): 0
	forced (p3):   0
	twin simple:   0
	twin complex:  0
	icx:           0
	h edge (b):    0
	h edge (s):    0
	h non edge:    0
disconnects:     0
prunes:          0

1
k=95
0.247488
