solving instance with n=144
upper bound 132
reduced to n=43 -INFs=903 spent=132 with force star
INITIAL REDUCTION FINISHED
time:  0.318 s
size:  43
lower: 132
upper: 132
gap:   0
STARTING BRANCH AND BOUND
split into 43 CCs
start solving CC of size 1 first bound 0
0	 (total: 132)
start solving CC of size 1 first bound 0
0	 (total: 132)
start solving CC of size 1 first bound 0
0	 (total: 132)
start solving CC of size 1 first bound 0
0	 (total: 132)
start solving CC of size 1 first bound 0
0	 (total: 132)
start solving CC of size 1 first bound 0
0	 (total: 132)
start solving CC of size 1 first bound 0
0	 (total: 132)
start solving CC of size 1 first bound 0
0	 (total: 132)
start solving CC of size 1 first bound 0
0	 (total: 132)
start solving CC of size 1 first bound 0
0	 (total: 132)
start solving CC of size 1 first bound 0
0	 (total: 132)
start solving CC of size 1 first bound 0
0	 (total: 132)
start solving CC of size 1 first bound 0
0	 (total: 132)
start solving CC of size 1 first bound 0
0	 (total: 132)
start solving CC of size 1 first bound 0
0	 (total: 132)
start solving CC of size 1 first bound 0
0	 (total: 132)
start solving CC of size 1 first bound 0
0	 (total: 132)
start solving CC of size 1 first bound 0
0	 (total: 132)
start solving CC of size 1 first bound 0
0	 (total: 132)
start solving CC of size 1 first bound 0
0	 (total: 132)
start solving CC of size 1 first bound 0
0	 (total: 132)
start solving CC of size 1 first bound 0
0	 (total: 132)
start solving CC of size 1 first bound 0
0	 (total: 132)
start solving CC of size 1 first bound 0
0	 (total: 132)
start solving CC of size 1 first bound 0
0	 (total: 132)
start solving CC of size 1 first bound 0
0	 (total: 132)
start solving CC of size 1 first bound 0
0	 (total: 132)
start solving CC of size 1 first bound 0
0	 (total: 132)
start solving CC of size 1 first bound 0
0	 (total: 132)
start solving CC of size 1 first bound 0
0	 (total: 132)
start solving CC of size 1 first bound 0
0	 (total: 132)
start solving CC of size 1 first bound 0
0	 (total: 132)
start solving CC of size 1 first bound 0
0	 (total: 132)
start solving CC of size 1 first bound 0
0	 (total: 132)
start solving CC of size 1 first bound 0
0	 (total: 132)
start solving CC of size 1 first bound 0
0	 (total: 132)
start solving CC of size 1 first bound 0
0	 (total: 132)
start solving CC of size 1 first bound 0
0	 (total: 132)
start solving CC of size 1 first bound 0
0	 (total: 132)
start solving CC of size 1 first bound 0
0	 (total: 132)
start solving CC of size 1 first bound 0
0	 (total: 132)
start solving CC of size 1 first bound 0
0	 (total: 132)
start solving CC of size 1 first bound 0
0	 (total: 132)
branching nodes: 0
reductions:      0
	forced (star): 0
	forced (p3):   0
	twin simple:   0
	twin complex:  0
	icx:           0
	h edge (b):    0
	h edge (s):    0
	h non edge:    0
disconnects:     0
prunes:          0

1
k=132
0.319393
