solving instance with n=216
upper bound 130
reduced to n=70 -INFs=2394 spent=130 with force star
reduced to n=55 -INFs=1485 spent=130 with force star
INITIAL REDUCTION FINISHED
time:  1.14 s
size:  55
lower: 130
upper: 130
gap:   0
STARTING BRANCH AND BOUND
split into 55 CCs
start solving CC of size 1 first bound 0
0	 (total: 130)
start solving CC of size 1 first bound 0
0	 (total: 130)
start solving CC of size 1 first bound 0
0	 (total: 130)
start solving CC of size 1 first bound 0
0	 (total: 130)
start solving CC of size 1 first bound 0
0	 (total: 130)
start solving CC of size 1 first bound 0
0	 (total: 130)
start solving CC of size 1 first bound 0
0	 (total: 130)
start solving CC of size 1 first bound 0
0	 (total: 130)
start solving CC of size 1 first bound 0
0	 (total: 130)
start solving CC of size 1 first bound 0
0	 (total: 130)
start solving CC of size 1 first bound 0
0	 (total: 130)
start solving CC of size 1 first bound 0
0	 (total: 130)
start solving CC of size 1 first bound 0
0	 (total: 130)
start solving CC of size 1 first bound 0
0	 (total: 130)
start solving CC of size 1 first bound 0
0	 (total: 130)
start solving CC of size 1 first bound 0
0	 (total: 130)
start solving CC of size 1 first bound 0
0	 (total: 130)
start solving CC of size 1 first bound 0
0	 (total: 130)
start solving CC of size 1 first bound 0
0	 (total: 130)
start solving CC of size 1 first bound 0
0	 (total: 130)
start solving CC of size 1 first bound 0
0	 (total: 130)
start solving CC of size 1 first bound 0
0	 (total: 130)
start solving CC of size 1 first bound 0
0	 (total: 130)
start solving CC of size 1 first bound 0
0	 (total: 130)
start solving CC of size 1 first bound 0
0	 (total: 130)
start solving CC of size 1 first bound 0
0	 (total: 130)
start solving CC of size 1 first bound 0
0	 (total: 130)
start solving CC of size 1 first bound 0
0	 (total: 130)
start solving CC of size 1 first bound 0
0	 (total: 130)
start solving CC of size 1 first bound 0
0	 (total: 130)
start solving CC of size 1 first bound 0
0	 (total: 130)
start solving CC of size 1 first bound 0
0	 (total: 130)
start solving CC of size 1 first bound 0
0	 (total: 130)
start solving CC of size 1 first bound 0
0	 (total: 130)
start solving CC of size 1 first bound 0
0	 (total: 130)
start solving CC of size 1 first bound 0
0	 (total: 130)
start solving CC of size 1 first bound 0
0	 (total: 130)
start solving CC of size 1 first bound 0
0	 (total: 130)
start solving CC of size 1 first bound 0
0	 (total: 130)
start solving CC of size 1 first bound 0
0	 (total: 130)
start solving CC of size 1 first bound 0
0	 (total: 130)
start solving CC of size 1 first bound 0
0	 (total: 130)
start solving CC of size 1 first bound 0
0	 (total: 130)
start solving CC of size 1 first bound 0
0	 (total: 130)
start solving CC of size 1 first bound 0
0	 (total: 130)
start solving CC of size 1 first bound 0
0	 (total: 130)
start solving CC of size 1 first bound 0
0	 (total: 130)
start solving CC of size 1 first bound 0
0	 (total: 130)
start solving CC of size 1 first bound 0
0	 (total: 130)
start solving CC of size 1 first bound 0
0	 (total: 130)
start solving CC of size 1 first bound 0
0	 (total: 130)
start solving CC of size 1 first bound 0
0	 (total: 130)
start solving CC of size 1 first bound 0
0	 (total: 130)
start solving CC of size 1 first bound 0
0	 (total: 130)
start solving CC of size 1 first bound 0
0	 (total: 130)
branching nodes: 0
reductions:      0
	forced (star): 0
	forced (p3):   0
	twin simple:   0
	twin complex:  0
	icx:           0
	h edge (b):    0
	h edge (s):    0
	h non edge:    0
disconnects:     0
prunes:          0

1
k=130
1.14134
