solving instance with n=160
upper bound 1047
reduced to n=4 -INFs=8 spent=995 with force star
reduced to n=3 -INFs=6 spent=1047 with twin complex
reduced to n=3 -INFs=9 spent=1047 with heavy non-edge
INITIAL REDUCTION FINISHED
time:  1.24 s
size:  3
lower: 1047
upper: 1047
gap:   0
STARTING BRANCH AND BOUND
split into 3 CCs
start solving CC of size 1 first bound 0
0	 (total: 1047)
start solving CC of size 1 first bound 0
0	 (total: 1047)
start solving CC of size 1 first bound 0
0	 (total: 1047)
branching nodes: 0
reductions:      0
	forced (star): 0
	forced (p3):   0
	twin simple:   0
	twin complex:  0
	icx:           0
	h edge (b):    0
	h edge (s):    0
	h non edge:    0
disconnects:     0
prunes:          0

1
k=1047
1.24108
