solving instance with n=204
upper bound 2412
reduced to n=32 -INFs=342 spent=2408 with force star
reduced to n=25 -INFs=304 spent=2410 with force star
reduced to n=24 -INFs=266 spent=2411 with force star
reduced to n=23 -INFs=250 spent=2411 with force star
reduced to n=23 -INFs=500 spent=2411 with force p3
reduced to n=22 -INFs=460 spent=2412 with twin complex
reduced to n=21 -INFs=420 spent=2412 with twin simple
reduced to n=21 -INFs=441 spent=2412 with heavy non-edge
INITIAL REDUCTION FINISHED
time:  2.934 s
size:  21
lower: 2412
upper: 2412
gap:   0
STARTING BRANCH AND BOUND
split into 21 CCs
start solving CC of size 1 first bound 0
0	 (total: 2412)
start solving CC of size 1 first bound 0
0	 (total: 2412)
start solving CC of size 1 first bound 0
0	 (total: 2412)
start solving CC of size 1 first bound 0
0	 (total: 2412)
start solving CC of size 1 first bound 0
0	 (total: 2412)
start solving CC of size 1 first bound 0
0	 (total: 2412)
start solving CC of size 1 first bound 0
0	 (total: 2412)
start solving CC of size 1 first bound 0
0	 (total: 2412)
start solving CC of size 1 first bound 0
0	 (total: 2412)
start solving CC of size 1 first bound 0
0	 (total: 2412)
start solving CC of size 1 first bound 0
0	 (total: 2412)
start solving CC of size 1 first bound 0
0	 (total: 2412)
start solving CC of size 1 first bound 0
0	 (total: 2412)
start solving CC of size 1 first bound 0
0	 (total: 2412)
start solving CC of size 1 first bound 0
0	 (total: 2412)
start solving CC of size 1 first bound 0
0	 (total: 2412)
start solving CC of size 1 first bound 0
0	 (total: 2412)
start solving CC of size 1 first bound 0
0	 (total: 2412)
start solving CC of size 1 first bound 0
0	 (total: 2412)
start solving CC of size 1 first bound 0
0	 (total: 2412)
start solving CC of size 1 first bound 0
0	 (total: 2412)
branching nodes: 0
reductions:      0
	forced (star): 0
	forced (p3):   0
	twin simple:   0
	twin complex:  0
	icx:           0
	h edge (b):    0
	h edge (s):    0
	h non edge:    0
disconnects:     0
prunes:          0

1
k=2412
2.93477
