solving instance with n=213
upper bound 742
reduced to n=5 -INFs=10 spent=742 with force star
INITIAL REDUCTION FINISHED
time:  6.319 s
size:  5
lower: 742
upper: 742
gap:   0
STARTING BRANCH AND BOUND
split into 5 CCs
start solving CC of size 1 first bound 0
0	 (total: 742)
start solving CC of size 1 first bound 0
0	 (total: 742)
start solving CC of size 1 first bound 0
0	 (total: 742)
start solving CC of size 1 first bound 0
0	 (total: 742)
start solving CC of size 1 first bound 0
0	 (total: 742)
branching nodes: 0
reductions:      0
	forced (star): 0
	forced (p3):   0
	twin simple:   0
	twin complex:  0
	icx:           0
	h edge (b):    0
	h edge (s):    0
	h non edge:    0
disconnects:     0
prunes:          0

1
k=742
6.31995
