solving instance with n=30
upper bound 90
reduced to n=22 -INFs=62 spent=37 with force star
reduced to n=10 -INFs=18 spent=77 with force star
reduced to n=6 -INFs=11 spent=85 with force star
reduced to n=5 -INFs=9 spent=90 with force star
reduced to n=4 -INFs=6 spent=90 with force star
INITIAL REDUCTION FINISHED
time:  0.65 s
size:  4
lower: 90
upper: 90
gap:   0
STARTING BRANCH AND BOUND
split into 4 CCs
start solving CC of size 1 first bound 0
0	 (total: 90)
start solving CC of size 1 first bound 0
0	 (total: 90)
start solving CC of size 1 first bound 0
0	 (total: 90)
start solving CC of size 1 first bound 0
0	 (total: 90)
branching nodes: 0
reductions:      0
	forced (star): 0
	forced (p3):   0
	twin simple:   0
	twin complex:  0
	icx:           0
	h edge (b):    0
	h edge (s):    0
	h non edge:    0
disconnects:     0
prunes:          0

1
k=90
0.650179
