solving instance with n=232
upper bound 772
reduced to n=56 -INFs=1538 spent=771 with force star
reduced to n=55 -INFs=1485 spent=772 with twin complex
INITIAL REDUCTION FINISHED
time:  1.539 s
size:  55
lower: 772
upper: 772
gap:   0
STARTING BRANCH AND BOUND
split into 55 CCs
start solving CC of size 1 first bound 0
0	 (total: 772)
start solving CC of size 1 first bound 0
0	 (total: 772)
start solving CC of size 1 first bound 0
0	 (total: 772)
start solving CC of size 1 first bound 0
0	 (total: 772)
start solving CC of size 1 first bound 0
0	 (total: 772)
start solving CC of size 1 first bound 0
0	 (total: 772)
start solving CC of size 1 first bound 0
0	 (total: 772)
start solving CC of size 1 first bound 0
0	 (total: 772)
start solving CC of size 1 first bound 0
0	 (total: 772)
start solving CC of size 1 first bound 0
0	 (total: 772)
start solving CC of size 1 first bound 0
0	 (total: 772)
start solving CC of size 1 first bound 0
0	 (total: 772)
start solving CC of size 1 first bound 0
0	 (total: 772)
start solving CC of size 1 first bound 0
0	 (total: 772)
start solving CC of size 1 first bound 0
0	 (total: 772)
start solving CC of size 1 first bound 0
0	 (total: 772)
start solving CC of size 1 first bound 0
0	 (total: 772)
start solving CC of size 1 first bound 0
0	 (total: 772)
start solving CC of size 1 first bound 0
0	 (total: 772)
start solving CC of size 1 first bound 0
0	 (total: 772)
start solving CC of size 1 first bound 0
0	 (total: 772)
start solving CC of size 1 first bound 0
0	 (total: 772)
start solving CC of size 1 first bound 0
0	 (total: 772)
start solving CC of size 1 first bound 0
0	 (total: 772)
start solving CC of size 1 first bound 0
0	 (total: 772)
start solving CC of size 1 first bound 0
0	 (total: 772)
start solving CC of size 1 first bound 0
0	 (total: 772)
start solving CC of size 1 first bound 0
0	 (total: 772)
start solving CC of size 1 first bound 0
0	 (total: 772)
start solving CC of size 1 first bound 0
0	 (total: 772)
start solving CC of size 1 first bound 0
0	 (total: 772)
start solving CC of size 1 first bound 0
0	 (total: 772)
start solving CC of size 1 first bound 0
0	 (total: 772)
start solving CC of size 1 first bound 0
0	 (total: 772)
start solving CC of size 1 first bound 0
0	 (total: 772)
start solving CC of size 1 first bound 0
0	 (total: 772)
start solving CC of size 1 first bound 0
0	 (total: 772)
start solving CC of size 1 first bound 0
0	 (total: 772)
start solving CC of size 1 first bound 0
0	 (total: 772)
start solving CC of size 1 first bound 0
0	 (total: 772)
start solving CC of size 1 first bound 0
0	 (total: 772)
start solving CC of size 1 first bound 0
0	 (total: 772)
start solving CC of size 1 first bound 0
0	 (total: 772)
start solving CC of size 1 first bound 0
0	 (total: 772)
start solving CC of size 1 first bound 0
0	 (total: 772)
start solving CC of size 1 first bound 0
0	 (total: 772)
start solving CC of size 1 first bound 0
0	 (total: 772)
start solving CC of size 1 first bound 0
0	 (total: 772)
start solving CC of size 1 first bound 0
0	 (total: 772)
start solving CC of size 1 first bound 0
0	 (total: 772)
start solving CC of size 1 first bound 0
0	 (total: 772)
start solving CC of size 1 first bound 0
0	 (total: 772)
start solving CC of size 1 first bound 0
0	 (total: 772)
start solving CC of size 1 first bound 0
0	 (total: 772)
start solving CC of size 1 first bound 0
0	 (total: 772)
branching nodes: 0
reductions:      0
	forced (star): 0
	forced (p3):   0
	twin simple:   0
	twin complex:  0
	icx:           0
	h edge (b):    0
	h edge (s):    0
	h non edge:    0
disconnects:     0
prunes:          0

1
k=772
1.54011
