solving instance with n=263
upper bound 1483
reduced to n=7 -INFs=28 spent=1483 with force star
reduced to n=6 -INFs=24 spent=1483 with force star
reduced to n=6 -INFs=30 spent=1483 with force p3
reduced to n=6 -INFs=36 spent=1483 with heavy non-edge
INITIAL REDUCTION FINISHED
time:  4.416 s
size:  6
lower: 1483
upper: 1483
gap:   0
STARTING BRANCH AND BOUND
split into 6 CCs
start solving CC of size 1 first bound 0
0	 (total: 1483)
start solving CC of size 1 first bound 0
0	 (total: 1483)
start solving CC of size 1 first bound 0
0	 (total: 1483)
start solving CC of size 1 first bound 0
0	 (total: 1483)
start solving CC of size 1 first bound 0
0	 (total: 1483)
start solving CC of size 1 first bound 0
0	 (total: 1483)
branching nodes: 0
reductions:      0
	forced (star): 0
	forced (p3):   0
	twin simple:   0
	twin complex:  0
	icx:           0
	h edge (b):    0
	h edge (s):    0
	h non edge:    0
disconnects:     0
prunes:          0

1
k=1483
4.41716
