solving instance with n=263
upper bound 1117
reduced to n=96 -INFs=4120 spent=1039 with force star
reduced to n=89 -INFs=3683 spent=1071 with force star
reduced to n=85 -INFs=3406 spent=1080 with force star
reduced to n=84 -INFs=3347 spent=1084 with force star
reduced to n=84 -INFs=3349 spent=1084 with force star
reduced to n=78 -INFs=2947 spent=1088 with force p3
reduced to n=71 -INFs=2457 spent=1105 with force star
reduced to n=70 -INFs=2390 spent=1106 with force star
reduced to n=56 -INFs=1533 spent=1107 with force p3
reduced to n=55 -INFs=1481 spent=1116 with twin complex
reduced to n=54 -INFs=1428 spent=1116 with twin simple
reduced to n=53 -INFs=1377 spent=1117 with twin complex
reduced to n=52 -INFs=1326 spent=1117 with twin simple
INITIAL REDUCTION FINISHED
time:  2.47 s
size:  52
lower: 1117
upper: 1117
gap:   0
STARTING BRANCH AND BOUND
split into 52 CCs
start solving CC of size 1 first bound 0
0	 (total: 1117)
start solving CC of size 1 first bound 0
0	 (total: 1117)
start solving CC of size 1 first bound 0
0	 (total: 1117)
start solving CC of size 1 first bound 0
0	 (total: 1117)
start solving CC of size 1 first bound 0
0	 (total: 1117)
start solving CC of size 1 first bound 0
0	 (total: 1117)
start solving CC of size 1 first bound 0
0	 (total: 1117)
start solving CC of size 1 first bound 0
0	 (total: 1117)
start solving CC of size 1 first bound 0
0	 (total: 1117)
start solving CC of size 1 first bound 0
0	 (total: 1117)
start solving CC of size 1 first bound 0
0	 (total: 1117)
start solving CC of size 1 first bound 0
0	 (total: 1117)
start solving CC of size 1 first bound 0
0	 (total: 1117)
start solving CC of size 1 first bound 0
0	 (total: 1117)
start solving CC of size 1 first bound 0
0	 (total: 1117)
start solving CC of size 1 first bound 0
0	 (total: 1117)
start solving CC of size 1 first bound 0
0	 (total: 1117)
start solving CC of size 1 first bound 0
0	 (total: 1117)
start solving CC of size 1 first bound 0
0	 (total: 1117)
start solving CC of size 1 first bound 0
0	 (total: 1117)
start solving CC of size 1 first bound 0
0	 (total: 1117)
start solving CC of size 1 first bound 0
0	 (total: 1117)
start solving CC of size 1 first bound 0
0	 (total: 1117)
start solving CC of size 1 first bound 0
0	 (total: 1117)
start solving CC of size 1 first bound 0
0	 (total: 1117)
start solving CC of size 1 first bound 0
0	 (total: 1117)
start solving CC of size 1 first bound 0
0	 (total: 1117)
start solving CC of size 1 first bound 0
0	 (total: 1117)
start solving CC of size 1 first bound 0
0	 (total: 1117)
start solving CC of size 1 first bound 0
0	 (total: 1117)
start solving CC of size 1 first bound 0
0	 (total: 1117)
start solving CC of size 1 first bound 0
0	 (total: 1117)
start solving CC of size 1 first bound 0
0	 (total: 1117)
start solving CC of size 1 first bound 0
0	 (total: 1117)
start solving CC of size 1 first bound 0
0	 (total: 1117)
start solving CC of size 1 first bound 0
0	 (total: 1117)
start solving CC of size 1 first bound 0
0	 (total: 1117)
start solving CC of size 1 first bound 0
0	 (total: 1117)
start solving CC of size 1 first bound 0
0	 (total: 1117)
start solving CC of size 1 first bound 0
0	 (total: 1117)
start solving CC of size 1 first bound 0
0	 (total: 1117)
start solving CC of size 1 first bound 0
0	 (total: 1117)
start solving CC of size 1 first bound 0
0	 (total: 1117)
start solving CC of size 1 first bound 0
0	 (total: 1117)
start solving CC of size 1 first bound 0
0	 (total: 1117)
start solving CC of size 1 first bound 0
0	 (total: 1117)
start solving CC of size 1 first bound 0
0	 (total: 1117)
start solving CC of size 1 first bound 0
0	 (total: 1117)
start solving CC of size 1 first bound 0
0	 (total: 1117)
start solving CC of size 1 first bound 0
0	 (total: 1117)
start solving CC of size 1 first bound 0
0	 (total: 1117)
start solving CC of size 1 first bound 0
0	 (total: 1117)
branching nodes: 0
reductions:      0
	forced (star): 0
	forced (p3):   0
	twin simple:   0
	twin complex:  0
	icx:           0
	h edge (b):    0
	h edge (s):    0
	h non edge:    0
disconnects:     0
prunes:          0

1
k=1117
2.47115
