solving instance with n=211
upper bound 2777
reduced to n=58 -INFs=1241 spent=2570 with force star
reduced to n=45 -INFs=822 spent=2685 with force star
reduced to n=32 -INFs=466 spent=2703 with force star
reduced to n=32 -INFs=467 spent=2703 with force star
reduced to n=24 -INFs=265 spent=2714 with force p3
reduced to n=23 -INFs=245 spent=2743 with force p3
reduced to n=22 -INFs=225 spent=2775 with twin complex
reduced to n=21 -INFs=206 spent=2776 with twin complex
reduced to n=20 -INFs=187 spent=2776 with twin simple
reduced to n=19 -INFs=170 spent=2777 with twin complex
reduced to n=18 -INFs=153 spent=2777 with twin simple
INITIAL REDUCTION FINISHED
time:  5.87 s
size:  18
lower: 2777
upper: 2777
gap:   0
STARTING BRANCH AND BOUND
split into 18 CCs
start solving CC of size 1 first bound 0
0	 (total: 2777)
start solving CC of size 1 first bound 0
0	 (total: 2777)
start solving CC of size 1 first bound 0
0	 (total: 2777)
start solving CC of size 1 first bound 0
0	 (total: 2777)
start solving CC of size 1 first bound 0
0	 (total: 2777)
start solving CC of size 1 first bound 0
0	 (total: 2777)
start solving CC of size 1 first bound 0
0	 (total: 2777)
start solving CC of size 1 first bound 0
0	 (total: 2777)
start solving CC of size 1 first bound 0
0	 (total: 2777)
start solving CC of size 1 first bound 0
0	 (total: 2777)
start solving CC of size 1 first bound 0
0	 (total: 2777)
start solving CC of size 1 first bound 0
0	 (total: 2777)
start solving CC of size 1 first bound 0
0	 (total: 2777)
start solving CC of size 1 first bound 0
0	 (total: 2777)
start solving CC of size 1 first bound 0
0	 (total: 2777)
start solving CC of size 1 first bound 0
0	 (total: 2777)
start solving CC of size 1 first bound 0
0	 (total: 2777)
start solving CC of size 1 first bound 0
0	 (total: 2777)
branching nodes: 0
reductions:      0
	forced (star): 0
	forced (p3):   0
	twin simple:   0
	twin complex:  0
	icx:           0
	h edge (b):    0
	h edge (s):    0
	h non edge:    0
disconnects:     0
prunes:          0

1
k=2777
5.87086
