solving instance with n=250
upper bound 1258
reduced to n=1 -INFs=0 spent=1258 with force star
reduced to n=1 -INFs=1 spent=1258 with heavy non-edge
INITIAL REDUCTION FINISHED
time:  5.26 s
size:  1
lower: 1258
upper: 1258
gap:   0
STARTING BRANCH AND BOUND
split into 1 CCs
start solving CC of size 1 first bound 0
0	 (total: 1258)
branching nodes: 0
reductions:      0
	forced (star): 0
	forced (p3):   0
	twin simple:   0
	twin complex:  0
	icx:           0
	h edge (b):    0
	h edge (s):    0
	h non edge:    0
disconnects:     0
prunes:          0

1
k=1258
5.26113
