solving instance with n=160
upper bound 3243
reduced to n=55 -INFs=2 spent=1457 with force star
reduced to n=54 -INFs=2 spent=2592 with force p3
reduced to n=44 -INFs=2 spent=2872 with force star
reduced to n=43 -INFs=14 spent=2877 with force star
reduced to n=43 -INFs=24 spent=2879 with force star
reduced to n=42 -INFs=40 spent=2922 with force star
reduced to n=28 -INFs=30 spent=3111 with force star
reduced to n=12 -INFs=12 spent=3182 with force star
reduced to n=6 -INFs=10 spent=3239 with force star
reduced to n=3 -INFs=6 spent=3243 with force star
reduced to n=3 -INFs=9 spent=3243 with heavy non-edge
INITIAL REDUCTION FINISHED
time:  2.967 s
size:  3
lower: 3243
upper: 3243
gap:   0
STARTING BRANCH AND BOUND
split into 3 CCs
start solving CC of size 1 first bound 0
0	 (total: 3243)
start solving CC of size 1 first bound 0
0	 (total: 3243)
start solving CC of size 1 first bound 0
0	 (total: 3243)
branching nodes: 0
reductions:      0
	forced (star): 0
	forced (p3):   0
	twin simple:   0
	twin complex:  0
	icx:           0
	h edge (b):    0
	h edge (s):    0
	h non edge:    0
disconnects:     0
prunes:          0

1
k=3243
2.96802
