solving instance with n=113
upper bound 854
reduced to n=42 -INFs=406 spent=805 with force star
reduced to n=27 -INFs=364 spent=838 with force star
reduced to n=27 -INFs=394 spent=838 with force star
reduced to n=20 -INFs=360 spent=851 with force p3
reduced to n=19 -INFs=324 spent=851 with force p3
reduced to n=18 -INFs=292 spent=852 with twin complex
reduced to n=17 -INFs=264 spent=853 with twin complex
reduced to n=16 -INFs=236 spent=854 with twin complex
reduced to n=15 -INFs=210 spent=854 with heavy edge (s)
reduced to n=15 -INFs=225 spent=854 with heavy non-edge
INITIAL REDUCTION FINISHED
time:  1.135 s
size:  15
lower: 854
upper: 854
gap:   0
STARTING BRANCH AND BOUND
split into 15 CCs
start solving CC of size 1 first bound 0
0	 (total: 854)
start solving CC of size 1 first bound 0
0	 (total: 854)
start solving CC of size 1 first bound 0
0	 (total: 854)
start solving CC of size 1 first bound 0
0	 (total: 854)
start solving CC of size 1 first bound 0
0	 (total: 854)
start solving CC of size 1 first bound 0
0	 (total: 854)
start solving CC of size 1 first bound 0
0	 (total: 854)
start solving CC of size 1 first bound 0
0	 (total: 854)
start solving CC of size 1 first bound 0
0	 (total: 854)
start solving CC of size 1 first bound 0
0	 (total: 854)
start solving CC of size 1 first bound 0
0	 (total: 854)
start solving CC of size 1 first bound 0
0	 (total: 854)
start solving CC of size 1 first bound 0
0	 (total: 854)
start solving CC of size 1 first bound 0
0	 (total: 854)
start solving CC of size 1 first bound 0
0	 (total: 854)
branching nodes: 0
reductions:      0
	forced (star): 0
	forced (p3):   0
	twin simple:   0
	twin complex:  0
	icx:           0
	h edge (b):    0
	h edge (s):    0
	h non edge:    0
disconnects:     0
prunes:          0

1
k=854
1.13594
