solving instance with n=279
upper bound 333
reduced to n=143 -INFs=9711 spent=258 with force star
reduced to n=143 -INFs=9722 spent=258 with force star
reduced to n=97 -INFs=4386 spent=258 with twin simple
reduced to n=94 -INFs=4152 spent=264 with force star
reduced to n=94 -INFs=4153 spent=264 with force star
reduced to n=91 -INFs=3895 spent=264 with twin simple
reduced to n=90 -INFs=3820 spent=265 with force star
reduced to n=85 -INFs=3411 spent=267 with twin complex
reduced to n=84 -INFs=3337 spent=270 with twin complex
reduced to n=83 -INFs=3256 spent=286 with twin complex
reduced to n=82 -INFs=3188 spent=287 with twin complex
reduced to n=80 -INFs=3056 spent=297 with force p3
reduced to n=78 -INFs=2920 spent=300 with force p3
reduced to n=77 -INFs=2851 spent=305 with twin complex
reduced to n=76 -INFs=2781 spent=306 with twin complex
reduced to n=76 -INFs=2785 spent=308 with force star
reduced to n=76 -INFs=2786 spent=308 with force star
reduced to n=76 -INFs=2787 spent=308 with force p3
reduced to n=75 -INFs=2720 spent=309 with twin complex
reduced to n=75 -INFs=2721 spent=310 with force star
reduced to n=75 -INFs=2727 spent=310 with force p3
reduced to n=74 -INFs=2655 spent=314 with twin complex
reduced to n=74 -INFs=2656 spent=314 with force star
reduced to n=73 -INFs=2588 spent=314 with twin complex
reduced to n=73 -INFs=2589 spent=314 with force star
reduced to n=73 -INFs=2590 spent=314 with force star
reduced to n=72 -INFs=2526 spent=315 with twin complex
reduced to n=71 -INFs=2462 spent=316 with force star
reduced to n=70 -INFs=2406 spent=321 with force star
reduced to n=69 -INFs=2338 spent=321 with twin simple
reduced to n=68 -INFs=2274 spent=326 with twin complex
INITIAL REDUCTION FINISHED
time:  0.953 s
size:  68
lower: 326
upper: 333
gap:   7
STARTING BRANCH AND BOUND
split into 64 CCs
start solving CC of size 1 first bound 0
0	 (total: 326)
start solving CC of size 1 first bound 0
0	 (total: 326)
start solving CC of size 1 first bound 0
0	 (total: 326)
start solving CC of size 1 first bound 0
0	 (total: 326)
start solving CC of size 1 first bound 0
0	 (total: 326)
start solving CC of size 1 first bound 0
0	 (total: 326)
start solving CC of size 1 first bound 0
0	 (total: 326)
start solving CC of size 1 first bound 0
0	 (total: 326)
start solving CC of size 1 first bound 0
0	 (total: 326)
start solving CC of size 1 first bound 0
0	 (total: 326)
start solving CC of size 1 first bound 0
0	 (total: 326)
start solving CC of size 1 first bound 0
0	 (total: 326)
start solving CC of size 1 first bound 0
0	 (total: 326)
start solving CC of size 1 first bound 0
0	 (total: 326)
start solving CC of size 1 first bound 0
0	 (total: 326)
start solving CC of size 1 first bound 0
0	 (total: 326)
start solving CC of size 1 first bound 0
0	 (total: 326)
start solving CC of size 1 first bound 0
0	 (total: 326)
start solving CC of size 1 first bound 0
0	 (total: 326)
start solving CC of size 1 first bound 0
0	 (total: 326)
start solving CC of size 1 first bound 0
0	 (total: 326)
start solving CC of size 1 first bound 0
0	 (total: 326)
start solving CC of size 1 first bound 0
0	 (total: 326)
start solving CC of size 1 first bound 0
0	 (total: 326)
start solving CC of size 1 first bound 0
0	 (total: 326)
start solving CC of size 1 first bound 0
0	 (total: 326)
start solving CC of size 1 first bound 0
0	 (total: 326)
start solving CC of size 1 first bound 0
0	 (total: 326)
start solving CC of size 1 first bound 0
0	 (total: 326)
start solving CC of size 1 first bound 0
0	 (total: 326)
start solving CC of size 1 first bound 0
0	 (total: 326)
start solving CC of size 1 first bound 0
0	 (total: 326)
start solving CC of size 1 first bound 0
0	 (total: 326)
start solving CC of size 1 first bound 0
0	 (total: 326)
start solving CC of size 1 first bound 0
0	 (total: 326)
start solving CC of size 1 first bound 0
0	 (total: 326)
start solving CC of size 1 first bound 0
0	 (total: 326)
start solving CC of size 1 first bound 0
0	 (total: 326)
start solving CC of size 1 first bound 0
0	 (total: 326)
start solving CC of size 1 first bound 0
0	 (total: 326)
start solving CC of size 1 first bound 0
0	 (total: 326)
start solving CC of size 1 first bound 0
0	 (total: 326)
start solving CC of size 1 first bound 0
0	 (total: 326)
start solving CC of size 1 first bound 0
0	 (total: 326)
start solving CC of size 1 first bound 0
0	 (total: 326)
start solving CC of size 1 first bound 0
0	 (total: 326)
start solving CC of size 1 first bound 0
0	 (total: 326)
start solving CC of size 1 first bound 0
0	 (total: 326)
start solving CC of size 1 first bound 0
0	 (total: 326)
start solving CC of size 1 first bound 0
0	 (total: 326)
start solving CC of size 1 first bound 0
0	 (total: 326)
start solving CC of size 1 first bound 0
0	 (total: 326)
start solving CC of size 1 first bound 0
0	 (total: 326)
start solving CC of size 1 first bound 0
0	 (total: 326)
start solving CC of size 1 first bound 0
0	 (total: 326)
start solving CC of size 1 first bound 0
0	 (total: 326)
start solving CC of size 1 first bound 0
0	 (total: 326)
start solving CC of size 1 first bound 0
0	 (total: 326)
start solving CC of size 1 first bound 0
0	 (total: 326)
start solving CC of size 1 first bound 0
0	 (total: 326)
start solving CC of size 1 first bound 0
0	 (total: 326)
start solving CC of size 1 first bound 0
0	 (total: 326)
start solving CC of size 1 first bound 0
0	 (total: 326)
start solving CC of size 5 first bound 0
0	 (total: 326)1	 (total: 327)2	 (total: 328)3	 (total: 329)4	 (total: 330)5	 (total: 331)6	 (total: 332)7	 (total: 333)
branching nodes: 1
reductions:      7
	forced (star): 7
	forced (p3):   0
	twin simple:   0
	twin complex:  0
	icx:           0
	h edge (b):    0
	h edge (s):    0
	h non edge:    0
disconnects:     0
prunes:          7

1
k=333
0.954983
