solving instance with n=60
upper bound 281
reduced to n=23 -INFs=214 spent=254 with force star
reduced to n=5 -INFs=20 spent=281 with force star
reduced to n=5 -INFs=25 spent=281 with heavy non-edge
INITIAL REDUCTION FINISHED
time:  1.123 s
size:  5
lower: 281
upper: 281
gap:   0
STARTING BRANCH AND BOUND
split into 5 CCs
start solving CC of size 1 first bound 0
0	 (total: 281)
start solving CC of size 1 first bound 0
0	 (total: 281)
start solving CC of size 1 first bound 0
0	 (total: 281)
start solving CC of size 1 first bound 0
0	 (total: 281)
start solving CC of size 1 first bound 0
0	 (total: 281)
branching nodes: 0
reductions:      0
	forced (star): 0
	forced (p3):   0
	twin simple:   0
	twin complex:  0
	icx:           0
	h edge (b):    0
	h edge (s):    0
	h non edge:    0
disconnects:     0
prunes:          0

1
k=281
1.12407
