solving instance with n=80
upper bound 672
reduced to n=74 -INFs=1374 spent=204 with force star
reduced to n=23 -INFs=154 spent=620 with force star
reduced to n=12 -INFs=54 spent=660 with force star
reduced to n=8 -INFs=36 spent=667 with force star
reduced to n=8 -INFs=40 spent=667 with force star
reduced to n=8 -INFs=46 spent=667 with force p3
reduced to n=7 -INFs=38 spent=671 with twin complex
reduced to n=6 -INFs=30 spent=672 with twin complex
reduced to n=6 -INFs=36 spent=672 with heavy non-edge
INITIAL REDUCTION FINISHED
time:  0.53 s
size:  6
lower: 672
upper: 672
gap:   0
STARTING BRANCH AND BOUND
split into 6 CCs
start solving CC of size 1 first bound 0
0	 (total: 672)
start solving CC of size 1 first bound 0
0	 (total: 672)
start solving CC of size 1 first bound 0
0	 (total: 672)
start solving CC of size 1 first bound 0
0	 (total: 672)
start solving CC of size 1 first bound 0
0	 (total: 672)
start solving CC of size 1 first bound 0
0	 (total: 672)
branching nodes: 0
reductions:      0
	forced (star): 0
	forced (p3):   0
	twin simple:   0
	twin complex:  0
	icx:           0
	h edge (b):    0
	h edge (s):    0
	h non edge:    0
disconnects:     0
prunes:          0

1
k=672
0.531154
