solving instance with n=50
upper bound 322
reduced to n=13 -INFs=6 spent=289 with force star
reduced to n=7 -INFs=4 spent=315 with force star
reduced to n=4 -INFs=3 spent=322 with force star
reduced to n=3 -INFs=2 spent=322 with force star
reduced to n=2 -INFs=1 spent=322 with twin simple
INITIAL REDUCTION FINISHED
time:  0.621 s
size:  2
lower: 322
upper: 322
gap:   0
STARTING BRANCH AND BOUND
split into 2 CCs
start solving CC of size 1 first bound 0
0	 (total: 322)
start solving CC of size 1 first bound 0
0	 (total: 322)
branching nodes: 0
reductions:      0
	forced (star): 0
	forced (p3):   0
	twin simple:   0
	twin complex:  0
	icx:           0
	h edge (b):    0
	h edge (s):    0
	h non edge:    0
disconnects:     0
prunes:          0

1
k=322
0.622109
