solving instance with n=90
upper bound 665
reduced to n=7 -INFs=17 spent=648 with force star
reduced to n=5 -INFs=10 spent=665 with force p3
INITIAL REDUCTION FINISHED
time:  0.455 s
size:  5
lower: 665
upper: 665
gap:   0
STARTING BRANCH AND BOUND
split into 5 CCs
start solving CC of size 1 first bound 0
0	 (total: 665)
start solving CC of size 1 first bound 0
0	 (total: 665)
start solving CC of size 1 first bound 0
0	 (total: 665)
start solving CC of size 1 first bound 0
0	 (total: 665)
start solving CC of size 1 first bound 0
0	 (total: 665)
branching nodes: 0
reductions:      0
	forced (star): 0
	forced (p3):   0
	twin simple:   0
	twin complex:  0
	icx:           0
	h edge (b):    0
	h edge (s):    0
	h non edge:    0
disconnects:     0
prunes:          0

1
k=665
0.455301
