solving instance with n=30
upper bound 81
reduced to n=3 -INFs=3 spent=81 with force star
INITIAL REDUCTION FINISHED
time:  0.549 s
size:  3
lower: 81
upper: 81
gap:   0
STARTING BRANCH AND BOUND
split into 3 CCs
start solving CC of size 1 first bound 0
0	 (total: 81)
start solving CC of size 1 first bound 0
0	 (total: 81)
start solving CC of size 1 first bound 0
0	 (total: 81)
branching nodes: 0
reductions:      0
	forced (star): 0
	forced (p3):   0
	twin simple:   0
	twin complex:  0
	icx:           0
	h edge (b):    0
	h edge (s):    0
	h non edge:    0
disconnects:     0
prunes:          0

1
k=81
0.54928
