solving instance with n=250
upper bound 5807
reduced to n=17 -INFs=23 spent=5758 with force star
reduced to n=3 -INFs=3 spent=5807 with force star
INITIAL REDUCTION FINISHED
time:  19.362 s
size:  3
lower: 5807
upper: 5807
gap:   0
STARTING BRANCH AND BOUND
split into 3 CCs
start solving CC of size 1 first bound 0
0	 (total: 5807)
start solving CC of size 1 first bound 0
0	 (total: 5807)
start solving CC of size 1 first bound 0
0	 (total: 5807)
branching nodes: 0
reductions:      0
	forced (star): 0
	forced (p3):   0
	twin simple:   0
	twin complex:  0
	icx:           0
	h edge (b):    0
	h edge (s):    0
	h non edge:    0
disconnects:     0
prunes:          0

1
k=5807
19.3626
