solving instance with n=263
upper bound 63
reduced to n=108 -INFs=5776 spent=59 with force star
reduced to n=107 -INFs=5671 spent=63 with twin complex
INITIAL REDUCTION FINISHED
time:  0.438 s
size:  107
lower: 63
upper: 63
gap:   0
STARTING BRANCH AND BOUND
split into 107 CCs
start solving CC of size 1 first bound 0
0	 (total: 63)
start solving CC of size 1 first bound 0
0	 (total: 63)
start solving CC of size 1 first bound 0
0	 (total: 63)
start solving CC of size 1 first bound 0
0	 (total: 63)
start solving CC of size 1 first bound 0
0	 (total: 63)
start solving CC of size 1 first bound 0
0	 (total: 63)
start solving CC of size 1 first bound 0
0	 (total: 63)
start solving CC of size 1 first bound 0
0	 (total: 63)
start solving CC of size 1 first bound 0
0	 (total: 63)
start solving CC of size 1 first bound 0
0	 (total: 63)
start solving CC of size 1 first bound 0
0	 (total: 63)
start solving CC of size 1 first bound 0
0	 (total: 63)
start solving CC of size 1 first bound 0
0	 (total: 63)
start solving CC of size 1 first bound 0
0	 (total: 63)
start solving CC of size 1 first bound 0
0	 (total: 63)
start solving CC of size 1 first bound 0
0	 (total: 63)
start solving CC of size 1 first bound 0
0	 (total: 63)
start solving CC of size 1 first bound 0
0	 (total: 63)
start solving CC of size 1 first bound 0
0	 (total: 63)
start solving CC of size 1 first bound 0
0	 (total: 63)
start solving CC of size 1 first bound 0
0	 (total: 63)
start solving CC of size 1 first bound 0
0	 (total: 63)
start solving CC of size 1 first bound 0
0	 (total: 63)
start solving CC of size 1 first bound 0
0	 (total: 63)
start solving CC of size 1 first bound 0
0	 (total: 63)
start solving CC of size 1 first bound 0
0	 (total: 63)
start solving CC of size 1 first bound 0
0	 (total: 63)
start solving CC of size 1 first bound 0
0	 (total: 63)
start solving CC of size 1 first bound 0
0	 (total: 63)
start solving CC of size 1 first bound 0
0	 (total: 63)
start solving CC of size 1 first bound 0
0	 (total: 63)
start solving CC of size 1 first bound 0
0	 (total: 63)
start solving CC of size 1 first bound 0
0	 (total: 63)
start solving CC of size 1 first bound 0
0	 (total: 63)
start solving CC of size 1 first bound 0
0	 (total: 63)
start solving CC of size 1 first bound 0
0	 (total: 63)
start solving CC of size 1 first bound 0
0	 (total: 63)
start solving CC of size 1 first bound 0
0	 (total: 63)
start solving CC of size 1 first bound 0
0	 (total: 63)
start solving CC of size 1 first bound 0
0	 (total: 63)
start solving CC of size 1 first bound 0
0	 (total: 63)
start solving CC of size 1 first bound 0
0	 (total: 63)
start solving CC of size 1 first bound 0
0	 (total: 63)
start solving CC of size 1 first bound 0
0	 (total: 63)
start solving CC of size 1 first bound 0
0	 (total: 63)
start solving CC of size 1 first bound 0
0	 (total: 63)
start solving CC of size 1 first bound 0
0	 (total: 63)
start solving CC of size 1 first bound 0
0	 (total: 63)
start solving CC of size 1 first bound 0
0	 (total: 63)
start solving CC of size 1 first bound 0
0	 (total: 63)
start solving CC of size 1 first bound 0
0	 (total: 63)
start solving CC of size 1 first bound 0
0	 (total: 63)
start solving CC of size 1 first bound 0
0	 (total: 63)
start solving CC of size 1 first bound 0
0	 (total: 63)
start solving CC of size 1 first bound 0
0	 (total: 63)
start solving CC of size 1 first bound 0
0	 (total: 63)
start solving CC of size 1 first bound 0
0	 (total: 63)
start solving CC of size 1 first bound 0
0	 (total: 63)
start solving CC of size 1 first bound 0
0	 (total: 63)
start solving CC of size 1 first bound 0
0	 (total: 63)
start solving CC of size 1 first bound 0
0	 (total: 63)
start solving CC of size 1 first bound 0
0	 (total: 63)
start solving CC of size 1 first bound 0
0	 (total: 63)
start solving CC of size 1 first bound 0
0	 (total: 63)
start solving CC of size 1 first bound 0
0	 (total: 63)
start solving CC of size 1 first bound 0
0	 (total: 63)
start solving CC of size 1 first bound 0
0	 (total: 63)
start solving CC of size 1 first bound 0
0	 (total: 63)
start solving CC of size 1 first bound 0
0	 (total: 63)
start solving CC of size 1 first bound 0
0	 (total: 63)
start solving CC of size 1 first bound 0
0	 (total: 63)
start solving CC of size 1 first bound 0
0	 (total: 63)
start solving CC of size 1 first bound 0
0	 (total: 63)
start solving CC of size 1 first bound 0
0	 (total: 63)
start solving CC of size 1 first bound 0
0	 (total: 63)
start solving CC of size 1 first bound 0
0	 (total: 63)
start solving CC of size 1 first bound 0
0	 (total: 63)
start solving CC of size 1 first bound 0
0	 (total: 63)
start solving CC of size 1 first bound 0
0	 (total: 63)
start solving CC of size 1 first bound 0
0	 (total: 63)
start solving CC of size 1 first bound 0
0	 (total: 63)
start solving CC of size 1 first bound 0
0	 (total: 63)
start solving CC of size 1 first bound 0
0	 (total: 63)
start solving CC of size 1 first bound 0
0	 (total: 63)
start solving CC of size 1 first bound 0
0	 (total: 63)
start solving CC of size 1 first bound 0
0	 (total: 63)
start solving CC of size 1 first bound 0
0	 (total: 63)
start solving CC of size 1 first bound 0
0	 (total: 63)
start solving CC of size 1 first bound 0
0	 (total: 63)
start solving CC of size 1 first bound 0
0	 (total: 63)
start solving CC of size 1 first bound 0
0	 (total: 63)
start solving CC of size 1 first bound 0
0	 (total: 63)
start solving CC of size 1 first bound 0
0	 (total: 63)
start solving CC of size 1 first bound 0
0	 (total: 63)
start solving CC of size 1 first bound 0
0	 (total: 63)
start solving CC of size 1 first bound 0
0	 (total: 63)
start solving CC of size 1 first bound 0
0	 (total: 63)
start solving CC of size 1 first bound 0
0	 (total: 63)
start solving CC of size 1 first bound 0
0	 (total: 63)
start solving CC of size 1 first bound 0
0	 (total: 63)
start solving CC of size 1 first bound 0
0	 (total: 63)
start solving CC of size 1 first bound 0
0	 (total: 63)
start solving CC of size 1 first bound 0
0	 (total: 63)
start solving CC of size 1 first bound 0
0	 (total: 63)
start solving CC of size 1 first bound 0
0	 (total: 63)
start solving CC of size 1 first bound 0
0	 (total: 63)
start solving CC of size 1 first bound 0
0	 (total: 63)
branching nodes: 0
reductions:      0
	forced (star): 0
	forced (p3):   0
	twin simple:   0
	twin complex:  0
	icx:           0
	h edge (b):    0
	h edge (s):    0
	h non edge:    0
disconnects:     0
prunes:          0

1
k=63
0.440018
