solving instance with n=160
upper bound 2939
INITIAL REDUCTION FINISHED
time:  39.318 s
size:  160
lower: 2789
upper: 2939
gap:   150
STARTING BRANCH AND BOUND
split into 1 CCs
start solving CC of size 160 first bound 2789
2789	 (total: 2789)2790	 (total: 2790)2791	 (total: 2791)2792	 (total: 2792)2793	 (total: 2793)2794	 (total: 2794)2795	 (total: 2795)2796	 (total: 2796)2797	 (total: 2797)2798	 (total: 2798)
time limit exceeded
branching nodes: 224
reductions:      23
	forced (star): 33
	forced (p3):   0
	twin simple:   0
	twin complex:  2
	icx:           0
	h edge (b):    0
	h edge (s):    1
	h non edge:    0
disconnects:     0
prunes:          232

0
k=1000000000
1801.98
