solving instance with n=232
upper bound 16
reduced to n=34 -INFs=1122 spent=16 with force star
reduced to n=34 -INFs=1156 spent=16 with heavy non-edge
INITIAL REDUCTION FINISHED
time:  0.353 s
size:  34
lower: 16
upper: 16
gap:   0
STARTING BRANCH AND BOUND
split into 34 CCs
start solving CC of size 1 first bound 0
0	 (total: 16)
start solving CC of size 1 first bound 0
0	 (total: 16)
start solving CC of size 1 first bound 0
0	 (total: 16)
start solving CC of size 1 first bound 0
0	 (total: 16)
start solving CC of size 1 first bound 0
0	 (total: 16)
start solving CC of size 1 first bound 0
0	 (total: 16)
start solving CC of size 1 first bound 0
0	 (total: 16)
start solving CC of size 1 first bound 0
0	 (total: 16)
start solving CC of size 1 first bound 0
0	 (total: 16)
start solving CC of size 1 first bound 0
0	 (total: 16)
start solving CC of size 1 first bound 0
0	 (total: 16)
start solving CC of size 1 first bound 0
0	 (total: 16)
start solving CC of size 1 first bound 0
0	 (total: 16)
start solving CC of size 1 first bound 0
0	 (total: 16)
start solving CC of size 1 first bound 0
0	 (total: 16)
start solving CC of size 1 first bound 0
0	 (total: 16)
start solving CC of size 1 first bound 0
0	 (total: 16)
start solving CC of size 1 first bound 0
0	 (total: 16)
start solving CC of size 1 first bound 0
0	 (total: 16)
start solving CC of size 1 first bound 0
0	 (total: 16)
start solving CC of size 1 first bound 0
0	 (total: 16)
start solving CC of size 1 first bound 0
0	 (total: 16)
start solving CC of size 1 first bound 0
0	 (total: 16)
start solving CC of size 1 first bound 0
0	 (total: 16)
start solving CC of size 1 first bound 0
0	 (total: 16)
start solving CC of size 1 first bound 0
0	 (total: 16)
start solving CC of size 1 first bound 0
0	 (total: 16)
start solving CC of size 1 first bound 0
0	 (total: 16)
start solving CC of size 1 first bound 0
0	 (total: 16)
start solving CC of size 1 first bound 0
0	 (total: 16)
start solving CC of size 1 first bound 0
0	 (total: 16)
start solving CC of size 1 first bound 0
0	 (total: 16)
start solving CC of size 1 first bound 0
0	 (total: 16)
start solving CC of size 1 first bound 0
0	 (total: 16)
branching nodes: 0
reductions:      0
	forced (star): 0
	forced (p3):   0
	twin simple:   0
	twin complex:  0
	icx:           0
	h edge (b):    0
	h edge (s):    0
	h non edge:    0
disconnects:     0
prunes:          0

1
k=16
0.353946
