solving instance with n=330
upper bound 633
reduced to n=291 -INFs=78308 spent=50 with twin simple
reduced to n=286 -INFs=75780 spent=58 with twin complex
reduced to n=283 -INFs=74356 spent=94 with force star
reduced to n=283 -INFs=74358 spent=95 with force star
reduced to n=279 -INFs=72432 spent=118 with twin complex
reduced to n=277 -INFs=71462 spent=124 with twin complex
reduced to n=275 -INFs=70500 spent=132 with twin complex
reduced to n=275 -INFs=70536 spent=132 with force star
reduced to n=273 -INFs=69504 spent=151 with twin complex
reduced to n=272 -INFs=68968 spent=152 with twin complex
reduced to n=271 -INFs=68452 spent=153 with twin complex
reduced to n=270 -INFs=67938 spent=154 with twin complex
reduced to n=269 -INFs=67410 spent=155 with twin complex
reduced to n=268 -INFs=66912 spent=156 with twin complex
reduced to n=267 -INFs=66390 spent=157 with twin complex
reduced to n=266 -INFs=65868 spent=158 with twin complex
reduced to n=265 -INFs=65344 spent=159 with twin complex
reduced to n=264 -INFs=64826 spent=160 with twin complex
reduced to n=263 -INFs=64306 spent=161 with twin complex
reduced to n=262 -INFs=63784 spent=161 with twin simple
reduced to n=261 -INFs=63270 spent=162 with twin complex
reduced to n=260 -INFs=62760 spent=163 with twin complex
reduced to n=259 -INFs=62250 spent=164 with twin complex
reduced to n=258 -INFs=61740 spent=165 with twin complex
reduced to n=256 -INFs=60754 spent=166 with twin complex
reduced to n=255 -INFs=60264 spent=167 with twin complex
reduced to n=254 -INFs=59774 spent=168 with twin complex
reduced to n=253 -INFs=59284 spent=170 with twin complex
reduced to n=252 -INFs=58786 spent=171 with twin complex
reduced to n=251 -INFs=58318 spent=172 with twin complex
reduced to n=250 -INFs=57834 spent=173 with twin complex
reduced to n=249 -INFs=57358 spent=174 with twin complex
reduced to n=248 -INFs=56872 spent=175 with twin complex
reduced to n=247 -INFs=56410 spent=176 with twin complex
reduced to n=246 -INFs=55934 spent=177 with twin complex
reduced to n=245 -INFs=55476 spent=178 with twin complex
reduced to n=244 -INFs=55024 spent=178 with twin complex
reduced to n=243 -INFs=54574 spent=179 with twin complex
reduced to n=243 -INFs=54584 spent=179 with force star
reduced to n=242 -INFs=54134 spent=180 with twin complex
reduced to n=241 -INFs=53660 spent=180 with heavy edge (s)
reduced to n=241 -INFs=53722 spent=180 with heavy non-edge
reduced to n=240 -INFs=53304 spent=191 with twin complex
reduced to n=238 -INFs=52458 spent=203 with twin complex
reduced to n=237 -INFs=52032 spent=204 with twin complex
INITIAL REDUCTION FINISHED
time:  12.305 s
size:  237
lower: 613
upper: 633
gap:   20
STARTING BRANCH AND BOUND
split into 35 CCs
start solving CC of size 1 first bound 0
0	 (total: 204)
start solving CC of size 1 first bound 0
0	 (total: 204)
start solving CC of size 1 first bound 0
0	 (total: 204)
start solving CC of size 1 first bound 0
0	 (total: 204)
start solving CC of size 1 first bound 0
0	 (total: 204)
start solving CC of size 1 first bound 0
0	 (total: 204)
start solving CC of size 1 first bound 0
0	 (total: 204)
start solving CC of size 1 first bound 0
0	 (total: 204)
start solving CC of size 1 first bound 0
0	 (total: 204)
start solving CC of size 1 first bound 0
0	 (total: 204)
start solving CC of size 1 first bound 0
0	 (total: 204)
start solving CC of size 1 first bound 0
0	 (total: 204)
start solving CC of size 1 first bound 0
0	 (total: 204)
start solving CC of size 1 first bound 0
0	 (total: 204)
start solving CC of size 1 first bound 0
0	 (total: 204)
start solving CC of size 1 first bound 0
0	 (total: 204)
start solving CC of size 1 first bound 0
0	 (total: 204)
start solving CC of size 1 first bound 0
0	 (total: 204)
start solving CC of size 1 first bound 0
0	 (total: 204)
start solving CC of size 1 first bound 0
0	 (total: 204)
start solving CC of size 1 first bound 0
0	 (total: 204)
start solving CC of size 1 first bound 0
0	 (total: 204)
start solving CC of size 1 first bound 0
0	 (total: 204)
start solving CC of size 1 first bound 0
0	 (total: 204)
start solving CC of size 1 first bound 0
0	 (total: 204)
start solving CC of size 1 first bound 0
0	 (total: 204)
start solving CC of size 1 first bound 0
0	 (total: 204)
start solving CC of size 1 first bound 0
0	 (total: 204)
start solving CC of size 1 first bound 0
0	 (total: 204)
start solving CC of size 1 first bound 0
0	 (total: 204)
start solving CC of size 1 first bound 0
0	 (total: 204)
start solving CC of size 1 first bound 0
0	 (total: 204)
start solving CC of size 1 first bound 0
0	 (total: 204)
start solving CC of size 1 first bound 0
0	 (total: 204)
start solving CC of size 203 first bound 406
406	 (total: 610)407	 (total: 611)408	 (total: 612)409	 (total: 613)410	 (total: 614)411	 (total: 615)412	 (total: 616)413	 (total: 617)414	 (total: 618)415	 (total: 619)416	 (total: 620)417	 (total: 621)418	 (total: 622)419	 (total: 623)420	 (total: 624)421	 (total: 625)422	 (total: 626)423	 (total: 627)
time limit exceeded
branching nodes: 4072
reductions:      6128
	forced (star): 7369
	forced (p3):   862
	twin simple:   747
	twin complex:  7843
	icx:           0
	h edge (b):    3257
	h edge (s):    2602
	h non edge:    6906
disconnects:     4035
prunes:          4065

0
k=1000000000
1800.01
