solving instance with n=139
upper bound 792
reduced to n=43 -INFs=1446 spent=787 with force star
reduced to n=43 -INFs=1504 spent=787 with force star
reduced to n=25 -INFs=592 spent=789 with force p3
reduced to n=24 -INFs=550 spent=792 with twin complex
reduced to n=23 -INFs=506 spent=792 with twin simple
reduced to n=23 -INFs=529 spent=792 with heavy non-edge
INITIAL REDUCTION FINISHED
time:  0.847 s
size:  23
lower: 792
upper: 792
gap:   0
STARTING BRANCH AND BOUND
split into 23 CCs
start solving CC of size 1 first bound 0
0	 (total: 792)
start solving CC of size 1 first bound 0
0	 (total: 792)
start solving CC of size 1 first bound 0
0	 (total: 792)
start solving CC of size 1 first bound 0
0	 (total: 792)
start solving CC of size 1 first bound 0
0	 (total: 792)
start solving CC of size 1 first bound 0
0	 (total: 792)
start solving CC of size 1 first bound 0
0	 (total: 792)
start solving CC of size 1 first bound 0
0	 (total: 792)
start solving CC of size 1 first bound 0
0	 (total: 792)
start solving CC of size 1 first bound 0
0	 (total: 792)
start solving CC of size 1 first bound 0
0	 (total: 792)
start solving CC of size 1 first bound 0
0	 (total: 792)
start solving CC of size 1 first bound 0
0	 (total: 792)
start solving CC of size 1 first bound 0
0	 (total: 792)
start solving CC of size 1 first bound 0
0	 (total: 792)
start solving CC of size 1 first bound 0
0	 (total: 792)
start solving CC of size 1 first bound 0
0	 (total: 792)
start solving CC of size 1 first bound 0
0	 (total: 792)
start solving CC of size 1 first bound 0
0	 (total: 792)
start solving CC of size 1 first bound 0
0	 (total: 792)
start solving CC of size 1 first bound 0
0	 (total: 792)
start solving CC of size 1 first bound 0
0	 (total: 792)
start solving CC of size 1 first bound 0
0	 (total: 792)
branching nodes: 0
reductions:      0
	forced (star): 0
	forced (p3):   0
	twin simple:   0
	twin complex:  0
	icx:           0
	h edge (b):    0
	h edge (s):    0
	h non edge:    0
disconnects:     0
prunes:          0

1
k=792
0.848294
