solving instance with n=279
upper bound 6094
reduced to n=8 -INFs=28 spent=6094 with force star
INITIAL REDUCTION FINISHED
time:  58.221 s
size:  8
lower: 6094
upper: 6094
gap:   0
STARTING BRANCH AND BOUND
split into 8 CCs
start solving CC of size 1 first bound 0
0	 (total: 6094)
start solving CC of size 1 first bound 0
0	 (total: 6094)
start solving CC of size 1 first bound 0
0	 (total: 6094)
start solving CC of size 1 first bound 0
0	 (total: 6094)
start solving CC of size 1 first bound 0
0	 (total: 6094)
start solving CC of size 1 first bound 0
0	 (total: 6094)
start solving CC of size 1 first bound 0
0	 (total: 6094)
start solving CC of size 1 first bound 0
0	 (total: 6094)
branching nodes: 0
reductions:      0
	forced (star): 0
	forced (p3):   0
	twin simple:   0
	twin complex:  0
	icx:           0
	h edge (b):    0
	h edge (s):    0
	h non edge:    0
disconnects:     0
prunes:          0

1
k=6094
58.222
