solving instance with n=10
upper bound 3
reduced to n=5 -INFs=10 spent=3 with force star
INITIAL REDUCTION FINISHED
time:  0.015 s
size:  5
lower: 3
upper: 3
gap:   0
STARTING BRANCH AND BOUND
split into 5 CCs
start solving CC of size 1 first bound 0
0	 (total: 3)
start solving CC of size 1 first bound 0
0	 (total: 3)
start solving CC of size 1 first bound 0
0	 (total: 3)
start solving CC of size 1 first bound 0
0	 (total: 3)
start solving CC of size 1 first bound 0
0	 (total: 3)
branching nodes: 0
reductions:      0
	forced (star): 0
	forced (p3):   0
	twin simple:   0
	twin complex:  0
	icx:           0
	h edge (b):    0
	h edge (s):    0
	h non edge:    0
disconnects:     0
prunes:          0

1
k=3
0.0170963
