solving instance with n=211
upper bound 306
reduced to n=106 -INFs=5289 spent=238 with force star
reduced to n=73 -INFs=2598 spent=306 with force star
reduced to n=53 -INFs=1378 spent=306 with force star
INITIAL REDUCTION FINISHED
time:  0.944 s
size:  53
lower: 306
upper: 306
gap:   0
STARTING BRANCH AND BOUND
split into 53 CCs
start solving CC of size 1 first bound 0
0	 (total: 306)
start solving CC of size 1 first bound 0
0	 (total: 306)
start solving CC of size 1 first bound 0
0	 (total: 306)
start solving CC of size 1 first bound 0
0	 (total: 306)
start solving CC of size 1 first bound 0
0	 (total: 306)
start solving CC of size 1 first bound 0
0	 (total: 306)
start solving CC of size 1 first bound 0
0	 (total: 306)
start solving CC of size 1 first bound 0
0	 (total: 306)
start solving CC of size 1 first bound 0
0	 (total: 306)
start solving CC of size 1 first bound 0
0	 (total: 306)
start solving CC of size 1 first bound 0
0	 (total: 306)
start solving CC of size 1 first bound 0
0	 (total: 306)
start solving CC of size 1 first bound 0
0	 (total: 306)
start solving CC of size 1 first bound 0
0	 (total: 306)
start solving CC of size 1 first bound 0
0	 (total: 306)
start solving CC of size 1 first bound 0
0	 (total: 306)
start solving CC of size 1 first bound 0
0	 (total: 306)
start solving CC of size 1 first bound 0
0	 (total: 306)
start solving CC of size 1 first bound 0
0	 (total: 306)
start solving CC of size 1 first bound 0
0	 (total: 306)
start solving CC of size 1 first bound 0
0	 (total: 306)
start solving CC of size 1 first bound 0
0	 (total: 306)
start solving CC of size 1 first bound 0
0	 (total: 306)
start solving CC of size 1 first bound 0
0	 (total: 306)
start solving CC of size 1 first bound 0
0	 (total: 306)
start solving CC of size 1 first bound 0
0	 (total: 306)
start solving CC of size 1 first bound 0
0	 (total: 306)
start solving CC of size 1 first bound 0
0	 (total: 306)
start solving CC of size 1 first bound 0
0	 (total: 306)
start solving CC of size 1 first bound 0
0	 (total: 306)
start solving CC of size 1 first bound 0
0	 (total: 306)
start solving CC of size 1 first bound 0
0	 (total: 306)
start solving CC of size 1 first bound 0
0	 (total: 306)
start solving CC of size 1 first bound 0
0	 (total: 306)
start solving CC of size 1 first bound 0
0	 (total: 306)
start solving CC of size 1 first bound 0
0	 (total: 306)
start solving CC of size 1 first bound 0
0	 (total: 306)
start solving CC of size 1 first bound 0
0	 (total: 306)
start solving CC of size 1 first bound 0
0	 (total: 306)
start solving CC of size 1 first bound 0
0	 (total: 306)
start solving CC of size 1 first bound 0
0	 (total: 306)
start solving CC of size 1 first bound 0
0	 (total: 306)
start solving CC of size 1 first bound 0
0	 (total: 306)
start solving CC of size 1 first bound 0
0	 (total: 306)
start solving CC of size 1 first bound 0
0	 (total: 306)
start solving CC of size 1 first bound 0
0	 (total: 306)
start solving CC of size 1 first bound 0
0	 (total: 306)
start solving CC of size 1 first bound 0
0	 (total: 306)
start solving CC of size 1 first bound 0
0	 (total: 306)
start solving CC of size 1 first bound 0
0	 (total: 306)
start solving CC of size 1 first bound 0
0	 (total: 306)
start solving CC of size 1 first bound 0
0	 (total: 306)
start solving CC of size 1 first bound 0
0	 (total: 306)
branching nodes: 0
reductions:      0
	forced (star): 0
	forced (p3):   0
	twin simple:   0
	twin complex:  0
	icx:           0
	h edge (b):    0
	h edge (s):    0
	h non edge:    0
disconnects:     0
prunes:          0

1
k=306
0.944978
