solving instance with n=279
upper bound 1538
reduced to n=49 -INFs=2180 spent=1495 with force star
reduced to n=47 -INFs=2056 spent=1505 with force star
reduced to n=42 -INFs=1662 spent=1533 with force star
reduced to n=41 -INFs=1584 spent=1533 with force star
reduced to n=32 -INFs=982 spent=1534 with force p3
reduced to n=31 -INFs=926 spent=1535 with twin complex
reduced to n=30 -INFs=870 spent=1538 with twin complex
reduced to n=30 -INFs=900 spent=1538 with heavy non-edge
INITIAL REDUCTION FINISHED
time:  1.692 s
size:  30
lower: 1538
upper: 1538
gap:   0
STARTING BRANCH AND BOUND
split into 30 CCs
start solving CC of size 1 first bound 0
0	 (total: 1538)
start solving CC of size 1 first bound 0
0	 (total: 1538)
start solving CC of size 1 first bound 0
0	 (total: 1538)
start solving CC of size 1 first bound 0
0	 (total: 1538)
start solving CC of size 1 first bound 0
0	 (total: 1538)
start solving CC of size 1 first bound 0
0	 (total: 1538)
start solving CC of size 1 first bound 0
0	 (total: 1538)
start solving CC of size 1 first bound 0
0	 (total: 1538)
start solving CC of size 1 first bound 0
0	 (total: 1538)
start solving CC of size 1 first bound 0
0	 (total: 1538)
start solving CC of size 1 first bound 0
0	 (total: 1538)
start solving CC of size 1 first bound 0
0	 (total: 1538)
start solving CC of size 1 first bound 0
0	 (total: 1538)
start solving CC of size 1 first bound 0
0	 (total: 1538)
start solving CC of size 1 first bound 0
0	 (total: 1538)
start solving CC of size 1 first bound 0
0	 (total: 1538)
start solving CC of size 1 first bound 0
0	 (total: 1538)
start solving CC of size 1 first bound 0
0	 (total: 1538)
start solving CC of size 1 first bound 0
0	 (total: 1538)
start solving CC of size 1 first bound 0
0	 (total: 1538)
start solving CC of size 1 first bound 0
0	 (total: 1538)
start solving CC of size 1 first bound 0
0	 (total: 1538)
start solving CC of size 1 first bound 0
0	 (total: 1538)
start solving CC of size 1 first bound 0
0	 (total: 1538)
start solving CC of size 1 first bound 0
0	 (total: 1538)
start solving CC of size 1 first bound 0
0	 (total: 1538)
start solving CC of size 1 first bound 0
0	 (total: 1538)
start solving CC of size 1 first bound 0
0	 (total: 1538)
start solving CC of size 1 first bound 0
0	 (total: 1538)
start solving CC of size 1 first bound 0
0	 (total: 1538)
branching nodes: 0
reductions:      0
	forced (star): 0
	forced (p3):   0
	twin simple:   0
	twin complex:  0
	icx:           0
	h edge (b):    0
	h edge (s):    0
	h non edge:    0
disconnects:     0
prunes:          0

1
k=1538
1.69357
