solving instance with n=313
upper bound 100
reduced to n=116 -INFs=13340 spent=100 with force star
reduced to n=116 -INFs=13456 spent=100 with heavy non-edge
INITIAL REDUCTION FINISHED
time:  0.343 s
size:  116
lower: 100
upper: 100
gap:   0
STARTING BRANCH AND BOUND
split into 116 CCs
start solving CC of size 1 first bound 0
0	 (total: 100)
start solving CC of size 1 first bound 0
0	 (total: 100)
start solving CC of size 1 first bound 0
0	 (total: 100)
start solving CC of size 1 first bound 0
0	 (total: 100)
start solving CC of size 1 first bound 0
0	 (total: 100)
start solving CC of size 1 first bound 0
0	 (total: 100)
start solving CC of size 1 first bound 0
0	 (total: 100)
start solving CC of size 1 first bound 0
0	 (total: 100)
start solving CC of size 1 first bound 0
0	 (total: 100)
start solving CC of size 1 first bound 0
0	 (total: 100)
start solving CC of size 1 first bound 0
0	 (total: 100)
start solving CC of size 1 first bound 0
0	 (total: 100)
start solving CC of size 1 first bound 0
0	 (total: 100)
start solving CC of size 1 first bound 0
0	 (total: 100)
start solving CC of size 1 first bound 0
0	 (total: 100)
start solving CC of size 1 first bound 0
0	 (total: 100)
start solving CC of size 1 first bound 0
0	 (total: 100)
start solving CC of size 1 first bound 0
0	 (total: 100)
start solving CC of size 1 first bound 0
0	 (total: 100)
start solving CC of size 1 first bound 0
0	 (total: 100)
start solving CC of size 1 first bound 0
0	 (total: 100)
start solving CC of size 1 first bound 0
0	 (total: 100)
start solving CC of size 1 first bound 0
0	 (total: 100)
start solving CC of size 1 first bound 0
0	 (total: 100)
start solving CC of size 1 first bound 0
0	 (total: 100)
start solving CC of size 1 first bound 0
0	 (total: 100)
start solving CC of size 1 first bound 0
0	 (total: 100)
start solving CC of size 1 first bound 0
0	 (total: 100)
start solving CC of size 1 first bound 0
0	 (total: 100)
start solving CC of size 1 first bound 0
0	 (total: 100)
start solving CC of size 1 first bound 0
0	 (total: 100)
start solving CC of size 1 first bound 0
0	 (total: 100)
start solving CC of size 1 first bound 0
0	 (total: 100)
start solving CC of size 1 first bound 0
0	 (total: 100)
start solving CC of size 1 first bound 0
0	 (total: 100)
start solving CC of size 1 first bound 0
0	 (total: 100)
start solving CC of size 1 first bound 0
0	 (total: 100)
start solving CC of size 1 first bound 0
0	 (total: 100)
start solving CC of size 1 first bound 0
0	 (total: 100)
start solving CC of size 1 first bound 0
0	 (total: 100)
start solving CC of size 1 first bound 0
0	 (total: 100)
start solving CC of size 1 first bound 0
0	 (total: 100)
start solving CC of size 1 first bound 0
0	 (total: 100)
start solving CC of size 1 first bound 0
0	 (total: 100)
start solving CC of size 1 first bound 0
0	 (total: 100)
start solving CC of size 1 first bound 0
0	 (total: 100)
start solving CC of size 1 first bound 0
0	 (total: 100)
start solving CC of size 1 first bound 0
0	 (total: 100)
start solving CC of size 1 first bound 0
0	 (total: 100)
start solving CC of size 1 first bound 0
0	 (total: 100)
start solving CC of size 1 first bound 0
0	 (total: 100)
start solving CC of size 1 first bound 0
0	 (total: 100)
start solving CC of size 1 first bound 0
0	 (total: 100)
start solving CC of size 1 first bound 0
0	 (total: 100)
start solving CC of size 1 first bound 0
0	 (total: 100)
start solving CC of size 1 first bound 0
0	 (total: 100)
start solving CC of size 1 first bound 0
0	 (total: 100)
start solving CC of size 1 first bound 0
0	 (total: 100)
start solving CC of size 1 first bound 0
0	 (total: 100)
start solving CC of size 1 first bound 0
0	 (total: 100)
start solving CC of size 1 first bound 0
0	 (total: 100)
start solving CC of size 1 first bound 0
0	 (total: 100)
start solving CC of size 1 first bound 0
0	 (total: 100)
start solving CC of size 1 first bound 0
0	 (total: 100)
start solving CC of size 1 first bound 0
0	 (total: 100)
start solving CC of size 1 first bound 0
0	 (total: 100)
start solving CC of size 1 first bound 0
0	 (total: 100)
start solving CC of size 1 first bound 0
0	 (total: 100)
start solving CC of size 1 first bound 0
0	 (total: 100)
start solving CC of size 1 first bound 0
0	 (total: 100)
start solving CC of size 1 first bound 0
0	 (total: 100)
start solving CC of size 1 first bound 0
0	 (total: 100)
start solving CC of size 1 first bound 0
0	 (total: 100)
start solving CC of size 1 first bound 0
0	 (total: 100)
start solving CC of size 1 first bound 0
0	 (total: 100)
start solving CC of size 1 first bound 0
0	 (total: 100)
start solving CC of size 1 first bound 0
0	 (total: 100)
start solving CC of size 1 first bound 0
0	 (total: 100)
start solving CC of size 1 first bound 0
0	 (total: 100)
start solving CC of size 1 first bound 0
0	 (total: 100)
start solving CC of size 1 first bound 0
0	 (total: 100)
start solving CC of size 1 first bound 0
0	 (total: 100)
start solving CC of size 1 first bound 0
0	 (total: 100)
start solving CC of size 1 first bound 0
0	 (total: 100)
start solving CC of size 1 first bound 0
0	 (total: 100)
start solving CC of size 1 first bound 0
0	 (total: 100)
start solving CC of size 1 first bound 0
0	 (total: 100)
start solving CC of size 1 first bound 0
0	 (total: 100)
start solving CC of size 1 first bound 0
0	 (total: 100)
start solving CC of size 1 first bound 0
0	 (total: 100)
start solving CC of size 1 first bound 0
0	 (total: 100)
start solving CC of size 1 first bound 0
0	 (total: 100)
start solving CC of size 1 first bound 0
0	 (total: 100)
start solving CC of size 1 first bound 0
0	 (total: 100)
start solving CC of size 1 first bound 0
0	 (total: 100)
start solving CC of size 1 first bound 0
0	 (total: 100)
start solving CC of size 1 first bound 0
0	 (total: 100)
start solving CC of size 1 first bound 0
0	 (total: 100)
start solving CC of size 1 first bound 0
0	 (total: 100)
start solving CC of size 1 first bound 0
0	 (total: 100)
start solving CC of size 1 first bound 0
0	 (total: 100)
start solving CC of size 1 first bound 0
0	 (total: 100)
start solving CC of size 1 first bound 0
0	 (total: 100)
start solving CC of size 1 first bound 0
0	 (total: 100)
start solving CC of size 1 first bound 0
0	 (total: 100)
start solving CC of size 1 first bound 0
0	 (total: 100)
start solving CC of size 1 first bound 0
0	 (total: 100)
start solving CC of size 1 first bound 0
0	 (total: 100)
start solving CC of size 1 first bound 0
0	 (total: 100)
start solving CC of size 1 first bound 0
0	 (total: 100)
start solving CC of size 1 first bound 0
0	 (total: 100)
start solving CC of size 1 first bound 0
0	 (total: 100)
start solving CC of size 1 first bound 0
0	 (total: 100)
start solving CC of size 1 first bound 0
0	 (total: 100)
start solving CC of size 1 first bound 0
0	 (total: 100)
start solving CC of size 1 first bound 0
0	 (total: 100)
branching nodes: 0
reductions:      0
	forced (star): 0
	forced (p3):   0
	twin simple:   0
	twin complex:  0
	icx:           0
	h edge (b):    0
	h edge (s):    0
	h non edge:    0
disconnects:     0
prunes:          0

1
k=100
0.344785
