solving instance with n=204
upper bound 999
reduced to n=2 -INFs=2 spent=999 with force star
reduced to n=2 -INFs=4 spent=999 with heavy non-edge
INITIAL REDUCTION FINISHED
time:  3.059 s
size:  2
lower: 999
upper: 999
gap:   0
STARTING BRANCH AND BOUND
split into 2 CCs
start solving CC of size 1 first bound 0
0	 (total: 999)
start solving CC of size 1 first bound 0
0	 (total: 999)
branching nodes: 0
reductions:      0
	forced (star): 0
	forced (p3):   0
	twin simple:   0
	twin complex:  0
	icx:           0
	h edge (b):    0
	h edge (s):    0
	h non edge:    0
disconnects:     0
prunes:          0

1
k=999
3.05949
