solving instance with n=620
upper bound 27073
reduced to n=6 -INFs=13 spent=27073 with force p3
reduced to n=5 -INFs=10 spent=27073 with force p3
INITIAL REDUCTION FINISHED
time:  11.51 s
size:  5
lower: 27073
upper: 27073
gap:   0
STARTING BRANCH AND BOUND
split into 5 CCs
start solving CC of size 1 first bound 0
0	 (total: 27073)
start solving CC of size 1 first bound 0
0	 (total: 27073)
start solving CC of size 1 first bound 0
0	 (total: 27073)
start solving CC of size 1 first bound 0
0	 (total: 27073)
start solving CC of size 1 first bound 0
0	 (total: 27073)
branching nodes: 0
reductions:      0
	forced (star): 0
	forced (p3):   0
	twin simple:   0
	twin complex:  0
	icx:           0
	h edge (b):    0
	h edge (s):    0
	h non edge:    0
disconnects:     0
prunes:          0

1
k=27073
11.5117
