solving instance with n=250
upper bound 3975
reduced to n=30 -INFs=203 spent=3846 with force star
reduced to n=12 -INFs=46 spent=3967 with force star
reduced to n=9 -INFs=34 spent=3973 with force star
reduced to n=8 -INFs=28 spent=3975 with twin complex
INITIAL REDUCTION FINISHED
time:  16.388 s
size:  8
lower: 3975
upper: 3975
gap:   0
STARTING BRANCH AND BOUND
split into 8 CCs
start solving CC of size 1 first bound 0
0	 (total: 3975)
start solving CC of size 1 first bound 0
0	 (total: 3975)
start solving CC of size 1 first bound 0
0	 (total: 3975)
start solving CC of size 1 first bound 0
0	 (total: 3975)
start solving CC of size 1 first bound 0
0	 (total: 3975)
start solving CC of size 1 first bound 0
0	 (total: 3975)
start solving CC of size 1 first bound 0
0	 (total: 3975)
start solving CC of size 1 first bound 0
0	 (total: 3975)
branching nodes: 0
reductions:      0
	forced (star): 0
	forced (p3):   0
	twin simple:   0
	twin complex:  0
	icx:           0
	h edge (b):    0
	h edge (s):    0
	h non edge:    0
disconnects:     0
prunes:          0

1
k=3975
16.3886
