solving instance with n=215
upper bound 416
reduced to n=61 -INFs=3588 spent=416 with force star
reduced to n=59 -INFs=3372 spent=416 with force star
reduced to n=59 -INFs=3422 spent=416 with force p3
reduced to n=59 -INFs=3481 spent=416 with heavy non-edge
INITIAL REDUCTION FINISHED
time:  0.409 s
size:  59
lower: 416
upper: 416
gap:   0
STARTING BRANCH AND BOUND
split into 59 CCs
start solving CC of size 1 first bound 0
0	 (total: 416)
start solving CC of size 1 first bound 0
0	 (total: 416)
start solving CC of size 1 first bound 0
0	 (total: 416)
start solving CC of size 1 first bound 0
0	 (total: 416)
start solving CC of size 1 first bound 0
0	 (total: 416)
start solving CC of size 1 first bound 0
0	 (total: 416)
start solving CC of size 1 first bound 0
0	 (total: 416)
start solving CC of size 1 first bound 0
0	 (total: 416)
start solving CC of size 1 first bound 0
0	 (total: 416)
start solving CC of size 1 first bound 0
0	 (total: 416)
start solving CC of size 1 first bound 0
0	 (total: 416)
start solving CC of size 1 first bound 0
0	 (total: 416)
start solving CC of size 1 first bound 0
0	 (total: 416)
start solving CC of size 1 first bound 0
0	 (total: 416)
start solving CC of size 1 first bound 0
0	 (total: 416)
start solving CC of size 1 first bound 0
0	 (total: 416)
start solving CC of size 1 first bound 0
0	 (total: 416)
start solving CC of size 1 first bound 0
0	 (total: 416)
start solving CC of size 1 first bound 0
0	 (total: 416)
start solving CC of size 1 first bound 0
0	 (total: 416)
start solving CC of size 1 first bound 0
0	 (total: 416)
start solving CC of size 1 first bound 0
0	 (total: 416)
start solving CC of size 1 first bound 0
0	 (total: 416)
start solving CC of size 1 first bound 0
0	 (total: 416)
start solving CC of size 1 first bound 0
0	 (total: 416)
start solving CC of size 1 first bound 0
0	 (total: 416)
start solving CC of size 1 first bound 0
0	 (total: 416)
start solving CC of size 1 first bound 0
0	 (total: 416)
start solving CC of size 1 first bound 0
0	 (total: 416)
start solving CC of size 1 first bound 0
0	 (total: 416)
start solving CC of size 1 first bound 0
0	 (total: 416)
start solving CC of size 1 first bound 0
0	 (total: 416)
start solving CC of size 1 first bound 0
0	 (total: 416)
start solving CC of size 1 first bound 0
0	 (total: 416)
start solving CC of size 1 first bound 0
0	 (total: 416)
start solving CC of size 1 first bound 0
0	 (total: 416)
start solving CC of size 1 first bound 0
0	 (total: 416)
start solving CC of size 1 first bound 0
0	 (total: 416)
start solving CC of size 1 first bound 0
0	 (total: 416)
start solving CC of size 1 first bound 0
0	 (total: 416)
start solving CC of size 1 first bound 0
0	 (total: 416)
start solving CC of size 1 first bound 0
0	 (total: 416)
start solving CC of size 1 first bound 0
0	 (total: 416)
start solving CC of size 1 first bound 0
0	 (total: 416)
start solving CC of size 1 first bound 0
0	 (total: 416)
start solving CC of size 1 first bound 0
0	 (total: 416)
start solving CC of size 1 first bound 0
0	 (total: 416)
start solving CC of size 1 first bound 0
0	 (total: 416)
start solving CC of size 1 first bound 0
0	 (total: 416)
start solving CC of size 1 first bound 0
0	 (total: 416)
start solving CC of size 1 first bound 0
0	 (total: 416)
start solving CC of size 1 first bound 0
0	 (total: 416)
start solving CC of size 1 first bound 0
0	 (total: 416)
start solving CC of size 1 first bound 0
0	 (total: 416)
start solving CC of size 1 first bound 0
0	 (total: 416)
start solving CC of size 1 first bound 0
0	 (total: 416)
start solving CC of size 1 first bound 0
0	 (total: 416)
start solving CC of size 1 first bound 0
0	 (total: 416)
start solving CC of size 1 first bound 0
0	 (total: 416)
branching nodes: 0
reductions:      0
	forced (star): 0
	forced (p3):   0
	twin simple:   0
	twin complex:  0
	icx:           0
	h edge (b):    0
	h edge (s):    0
	h non edge:    0
disconnects:     0
prunes:          0

1
k=416
0.41016
